2023-04-07 20:35:15,082 [Worker-8: Loading available Gradle versions] INFO  o.e.b.c.i.u.g.PublishedGradleVersions - Gradle version information cache is up-to-date. Trying to read.
2023-04-07 20:55:20,208 [Worker-4: Loading available Gradle versions] INFO  o.e.b.c.i.u.g.PublishedGradleVersions - Gradle version information cache is up-to-date. Trying to read.
2023-04-07 20:56:12,923 [Worker-9: Loading available Gradle versions] INFO  o.e.b.c.i.u.g.PublishedGradleVersions - Gradle version information cache is up-to-date. Trying to read.
2023-04-07 20:57:23,411 [Worker-9: Loading available Gradle versions] INFO  o.e.b.c.i.u.g.PublishedGradleVersions - Gradle version information cache is up-to-date. Trying to read.
2023-04-07 21:03:58,530 [Worker-7: Loading available Gradle versions] INFO  o.e.b.c.i.u.g.PublishedGradleVersions - Gradle version information cache is up-to-date. Trying to read.
2023-04-07 21:08:18,497 [Worker-7: Loading available Gradle versions] INFO  o.e.b.c.i.u.g.PublishedGradleVersions - Gradle version information cache is up-to-date. Trying to read.
2023-04-07 21:24:34,923 [Worker-7: Loading available Gradle versions] INFO  o.e.b.c.i.u.g.PublishedGradleVersions - Gradle version information cache is up-to-date. Trying to read.
2023-04-07 21:25:28,457 [Worker-7: Loading available Gradle versions] INFO  o.e.b.c.i.u.g.PublishedGradleVersions - Gradle version information cache is up-to-date. Trying to read.
2023-04-10 19:03:46,876 [Worker-9: Loading available Gradle versions] INFO  o.e.b.c.i.u.g.PublishedGradleVersions - Gradle version information cache is out-of-date. Trying to update.
2023-04-11 19:24:51,700 [Worker-84: Enabling Maven Dependency Management] INFO  o.e.m.c.i.l.LifecycleMappingFactory - Using org.eclipse.m2e.jdt.JarLifecycleMapping lifecycle mapping for MavenProject: 2023-0407-javaStudy:2023-0407-javaStudy:1.0.0 @ /Users/idongbin/Desktop/java/ldb/ldb/workspace/2023-0407-javaStudy/pom.xml.
2023-04-11 19:24:56,386 [Worker-88: Building] WARN  o.e.m.c.i.embedder.EclipseLogger - Using platform encoding (UTF-8 actually) to copy filtered resources, i.e. build is platform dependent!
2023-04-11 19:24:56,483 [Worker-88: Building] INFO  o.e.m.c.i.embedder.EclipseLogger - Copying 0 resource
2023-04-11 19:24:56,607 [Worker-88: Building] WARN  o.e.m.c.i.embedder.EclipseLogger - Using platform encoding (UTF-8 actually) to copy filtered resources, i.e. build is platform dependent!
2023-04-11 19:24:56,623 [Worker-88: Building] INFO  o.e.m.c.i.embedder.EclipseLogger - skip non existing resourceDirectory /Users/idongbin/Desktop/java/ldb/ldb/workspace/2023-0407-javaStudy/src/test/resources
2023-04-11 19:24:57,221 [Worker-84: Enabling Maven Dependency Management] INFO  o.e.m.j.i.AbstractJavaProjectConfigurator - Adding source folder /2023-0407-javaStudy/src
2023-04-11 19:24:57,224 [Worker-84: Enabling Maven Dependency Management] INFO  o.e.m.j.i.AbstractJavaProjectConfigurator - Resources folder /2023-0407-javaStudy/src overlaps with sources folder /2023-0407-javaStudy/src
2023-04-11 19:24:57,303 [Worker-84: Enabling Maven Dependency Management] INFO  o.e.m.j.i.AbstractJavaProjectConfigurator - Not adding source folder /2023-0407-javaStudy/src/test/java because it overlaps with /2023-0407-javaStudy/src
2023-04-11 19:24:57,680 [Worker-84: Enabling Maven Dependency Management] INFO  o.e.m.c.i.p.ProjectConfigurationManager - Update started
2023-04-11 19:24:58,340 [Worker-84: Enabling Maven Dependency Management] INFO  o.e.m.c.i.l.LifecycleMappingFactory - Using org.eclipse.m2e.jdt.JarLifecycleMapping lifecycle mapping for MavenProject: 2023-0407-javaStudy:2023-0407-javaStudy:1.0.0 @ /Users/idongbin/Desktop/java/ldb/ldb/workspace/2023-0407-javaStudy/pom.xml.
2023-04-11 19:24:59,935 [Worker-92: Building] WARN  o.e.m.c.i.embedder.EclipseLogger - Using platform encoding (UTF-8 actually) to copy filtered resources, i.e. build is platform dependent!
2023-04-11 19:24:59,959 [Worker-92: Building] INFO  o.e.m.c.i.embedder.EclipseLogger - Copying 0 resource
2023-04-11 19:24:59,965 [Worker-92: Building] WARN  o.e.m.c.i.embedder.EclipseLogger - Using platform encoding (UTF-8 actually) to copy filtered resources, i.e. build is platform dependent!
2023-04-11 19:24:59,966 [Worker-92: Building] INFO  o.e.m.c.i.embedder.EclipseLogger - skip non existing resourceDirectory /Users/idongbin/Desktop/java/ldb/ldb/workspace/2023-0407-javaStudy/src/test/resources
2023-04-11 19:25:00,278 [Worker-84: Enabling Maven Dependency Management] INFO  o.e.m.j.i.AbstractJavaProjectConfigurator - Adding source folder /2023-0407-javaStudy/src
2023-04-11 19:25:00,279 [Worker-84: Enabling Maven Dependency Management] INFO  o.e.m.j.i.AbstractJavaProjectConfigurator - Resources folder /2023-0407-javaStudy/src overlaps with sources folder /2023-0407-javaStudy/src
2023-04-11 19:25:00,291 [Worker-84: Enabling Maven Dependency Management] INFO  o.e.m.j.i.AbstractJavaProjectConfigurator - Not adding source folder /2023-0407-javaStudy/src/test/java because it overlaps with /2023-0407-javaStudy/src
2023-04-11 19:25:00,885 [Worker-84: Enabling Maven Dependency Management] INFO  o.e.m.c.i.p.ProjectConfigurationManager - Update completed for 1 poms: local refresh takes 0.00 sec, refresh facades takes 0.00 sec, update config takes 1.00 sec 
2023-04-11 19:25:01,749 [Worker-95: Building] WARN  o.e.m.c.i.embedder.EclipseLogger - Using platform encoding (UTF-8 actually) to copy filtered resources, i.e. build is platform dependent!
2023-04-11 19:25:01,754 [Worker-95: Building] INFO  o.e.m.c.i.embedder.EclipseLogger - Copying 0 resource
2023-04-11 19:25:01,757 [Worker-95: Building] WARN  o.e.m.c.i.embedder.EclipseLogger - Using platform encoding (UTF-8 actually) to copy filtered resources, i.e. build is platform dependent!
2023-04-11 19:25:01,757 [Worker-95: Building] INFO  o.e.m.c.i.embedder.EclipseLogger - skip non existing resourceDirectory /Users/idongbin/Desktop/java/ldb/ldb/workspace/2023-0407-javaStudy/src/test/resources
2023-04-11 19:35:19,897 [Worker-99: Building] INFO  o.e.m.c.i.l.LifecycleMappingFactory - Using org.eclipse.m2e.jdt.JarLifecycleMapping lifecycle mapping for MavenProject: 2023-0407-javaStudy:2023-0407-javaStudy:1.0.0 @ /Users/idongbin/Desktop/java/ldb/ldb/workspace/2023-0407-javaStudy/pom.xml.
2023-04-11 19:35:20,093 [Worker-99: Building] WARN  o.e.m.c.i.embedder.EclipseLogger - Using platform encoding (UTF-8 actually) to copy filtered resources, i.e. build is platform dependent!
2023-04-11 19:35:20,095 [Worker-99: Building] INFO  o.e.m.c.i.embedder.EclipseLogger - Copying 0 resource
2023-04-11 19:35:20,100 [Worker-99: Building] WARN  o.e.m.c.i.embedder.EclipseLogger - Using platform encoding (UTF-8 actually) to copy filtered resources, i.e. build is platform dependent!
2023-04-11 19:35:20,101 [Worker-99: Building] INFO  o.e.m.c.i.embedder.EclipseLogger - skip non existing resourceDirectory /Users/idongbin/Desktop/java/ldb/ldb/workspace/2023-0407-javaStudy/src/test/resources
2023-04-11 19:35:24,383 [Worker-102: Download sources and javadoc] INFO  o.e.m.c.i.e.AbstractTransferListenerAdapter - Downloading https://repo.maven.apache.org/maven2/com/google/code/gson/gson/2.9.0/gson-2.9.0-sources.jar
2023-04-11 19:35:24,437 [Worker-102: Download sources and javadoc] INFO  o.e.m.c.i.e.AbstractTransferListenerAdapter - Downloaded https://repo.maven.apache.org/maven2/com/google/code/gson/gson/2.9.0/gson-2.9.0-sources.jar
2023-04-11 19:35:24,567 [Worker-102: Download sources and javadoc] INFO  o.e.m.j.internal.DownloadSourcesJob - Downloaded sources for com.google.code.gson:gson:2.9.0
2023-04-11 19:36:58,477 [Worker-105: Building] WARN  o.e.m.c.i.embedder.EclipseLogger - Using platform encoding (UTF-8 actually) to copy filtered resources, i.e. build is platform dependent!
2023-04-11 19:36:58,487 [Worker-105: Building] INFO  o.e.m.c.i.embedder.EclipseLogger - Copying 0 resource
2023-04-11 19:36:58,490 [Worker-105: Building] WARN  o.e.m.c.i.embedder.EclipseLogger - Using platform encoding (UTF-8 actually) to copy filtered resources, i.e. build is platform dependent!
2023-04-11 19:36:58,490 [Worker-105: Building] INFO  o.e.m.c.i.embedder.EclipseLogger - skip non existing resourceDirectory /Users/idongbin/Desktop/java/ldb/ldb/workspace/2023-0407-javaStudy/src/test/resources
2023-04-11 19:42:48,096 [Worker-102: Launching Gson1] WARN  o.e.m.c.i.embedder.EclipseLogger - Using platform encoding (UTF-8 actually) to copy filtered resources, i.e. build is platform dependent!
2023-04-11 19:42:48,114 [Worker-102: Launching Gson1] INFO  o.e.m.c.i.embedder.EclipseLogger - Copying 0 resource
2023-04-11 19:42:48,119 [Worker-102: Launching Gson1] WARN  o.e.m.c.i.embedder.EclipseLogger - Using platform encoding (UTF-8 actually) to copy filtered resources, i.e. build is platform dependent!
2023-04-11 19:42:48,122 [Worker-102: Launching Gson1] INFO  o.e.m.c.i.embedder.EclipseLogger - skip non existing resourceDirectory /Users/idongbin/Desktop/java/ldb/ldb/workspace/2023-0407-javaStudy/src/test/resources
2023-04-11 19:43:54,037 [Worker-106: Launching Gson1] WARN  o.e.m.c.i.embedder.EclipseLogger - Using platform encoding (UTF-8 actually) to copy filtered resources, i.e. build is platform dependent!
2023-04-11 19:43:54,052 [Worker-106: Launching Gson1] INFO  o.e.m.c.i.embedder.EclipseLogger - Copying 0 resource
2023-04-11 19:43:54,056 [Worker-106: Launching Gson1] WARN  o.e.m.c.i.embedder.EclipseLogger - Using platform encoding (UTF-8 actually) to copy filtered resources, i.e. build is platform dependent!
2023-04-11 19:43:54,056 [Worker-106: Launching Gson1] INFO  o.e.m.c.i.embedder.EclipseLogger - skip non existing resourceDirectory /Users/idongbin/Desktop/java/ldb/ldb/workspace/2023-0407-javaStudy/src/test/resources
2023-04-11 19:44:33,384 [Worker-87: Launching Gson1] WARN  o.e.m.c.i.embedder.EclipseLogger - Using platform encoding (UTF-8 actually) to copy filtered resources, i.e. build is platform dependent!
2023-04-11 19:44:33,394 [Worker-87: Launching Gson1] INFO  o.e.m.c.i.embedder.EclipseLogger - Copying 0 resource
2023-04-11 19:44:33,412 [Worker-87: Launching Gson1] WARN  o.e.m.c.i.embedder.EclipseLogger - Using platform encoding (UTF-8 actually) to copy filtered resources, i.e. build is platform dependent!
2023-04-11 19:44:33,413 [Worker-87: Launching Gson1] INFO  o.e.m.c.i.embedder.EclipseLogger - skip non existing resourceDirectory /Users/idongbin/Desktop/java/ldb/ldb/workspace/2023-0407-javaStudy/src/test/resources
2023-04-11 19:45:31,582 [Worker-104: Building] WARN  o.e.m.c.i.embedder.EclipseLogger - Using platform encoding (UTF-8 actually) to copy filtered resources, i.e. build is platform dependent!
2023-04-11 19:45:31,599 [Worker-104: Building] INFO  o.e.m.c.i.embedder.EclipseLogger - Copying 0 resource
2023-04-11 19:45:31,607 [Worker-104: Building] WARN  o.e.m.c.i.embedder.EclipseLogger - Using platform encoding (UTF-8 actually) to copy filtered resources, i.e. build is platform dependent!
2023-04-11 19:45:31,608 [Worker-104: Building] INFO  o.e.m.c.i.embedder.EclipseLogger - skip non existing resourceDirectory /Users/idongbin/Desktop/java/ldb/ldb/workspace/2023-0407-javaStudy/src/test/resources
2023-04-11 19:47:16,781 [Worker-105: Building] WARN  o.e.m.c.i.embedder.EclipseLogger - Using platform encoding (UTF-8 actually) to copy filtered resources, i.e. build is platform dependent!
2023-04-11 19:47:16,796 [Worker-105: Building] INFO  o.e.m.c.i.embedder.EclipseLogger - Copying 0 resource
2023-04-11 19:47:16,798 [Worker-105: Building] WARN  o.e.m.c.i.embedder.EclipseLogger - Using platform encoding (UTF-8 actually) to copy filtered resources, i.e. build is platform dependent!
2023-04-11 19:47:16,799 [Worker-105: Building] INFO  o.e.m.c.i.embedder.EclipseLogger - skip non existing resourceDirectory /Users/idongbin/Desktop/java/ldb/ldb/workspace/2023-0407-javaStudy/src/test/resources
2023-04-11 19:47:38,263 [Worker-104: Building] WARN  o.e.m.c.i.embedder.EclipseLogger - Using platform encoding (UTF-8 actually) to copy filtered resources, i.e. build is platform dependent!
2023-04-11 19:47:38,277 [Worker-104: Building] INFO  o.e.m.c.i.embedder.EclipseLogger - Copying 0 resource
2023-04-11 19:47:38,288 [Worker-104: Building] WARN  o.e.m.c.i.embedder.EclipseLogger - Using platform encoding (UTF-8 actually) to copy filtered resources, i.e. build is platform dependent!
2023-04-11 19:47:38,289 [Worker-104: Building] INFO  o.e.m.c.i.embedder.EclipseLogger - skip non existing resourceDirectory /Users/idongbin/Desktop/java/ldb/ldb/workspace/2023-0407-javaStudy/src/test/resources
2023-04-11 20:06:24,086 [Worker-87: Building] WARN  o.e.m.c.i.embedder.EclipseLogger - Using platform encoding (UTF-8 actually) to copy filtered resources, i.e. build is platform dependent!
2023-04-11 20:06:24,101 [Worker-87: Building] INFO  o.e.m.c.i.embedder.EclipseLogger - Copying 0 resource
2023-04-11 20:06:24,112 [Worker-87: Building] WARN  o.e.m.c.i.embedder.EclipseLogger - Using platform encoding (UTF-8 actually) to copy filtered resources, i.e. build is platform dependent!
2023-04-11 20:06:24,113 [Worker-87: Building] INFO  o.e.m.c.i.embedder.EclipseLogger - skip non existing resourceDirectory /Users/idongbin/Desktop/java/ldb/ldb/workspace/2023-0407-javaStudy/src/test/resources
2023-04-11 20:06:37,161 [Worker-107: Building] WARN  o.e.m.c.i.embedder.EclipseLogger - Using platform encoding (UTF-8 actually) to copy filtered resources, i.e. build is platform dependent!
2023-04-11 20:06:37,165 [Worker-107: Building] INFO  o.e.m.c.i.embedder.EclipseLogger - Copying 0 resource
2023-04-11 20:06:37,170 [Worker-107: Building] WARN  o.e.m.c.i.embedder.EclipseLogger - Using platform encoding (UTF-8 actually) to copy filtered resources, i.e. build is platform dependent!
2023-04-11 20:06:37,170 [Worker-107: Building] INFO  o.e.m.c.i.embedder.EclipseLogger - skip non existing resourceDirectory /Users/idongbin/Desktop/java/ldb/ldb/workspace/2023-0407-javaStudy/src/test/resources
2023-04-11 20:14:27,617 [Worker-107: Launching Gson2] WARN  o.e.m.c.i.embedder.EclipseLogger - Using platform encoding (UTF-8 actually) to copy filtered resources, i.e. build is platform dependent!
2023-04-11 20:14:27,631 [Worker-107: Launching Gson2] INFO  o.e.m.c.i.embedder.EclipseLogger - Copying 0 resource
2023-04-11 20:14:27,633 [Worker-107: Launching Gson2] WARN  o.e.m.c.i.embedder.EclipseLogger - Using platform encoding (UTF-8 actually) to copy filtered resources, i.e. build is platform dependent!
2023-04-11 20:14:27,633 [Worker-107: Launching Gson2] INFO  o.e.m.c.i.embedder.EclipseLogger - skip non existing resourceDirectory /Users/idongbin/Desktop/java/ldb/ldb/workspace/2023-0407-javaStudy/src/test/resources
2023-04-11 20:16:53,168 [Worker-112: Launching Gson2] WARN  o.e.m.c.i.embedder.EclipseLogger - Using platform encoding (UTF-8 actually) to copy filtered resources, i.e. build is platform dependent!
2023-04-11 20:16:53,183 [Worker-112: Launching Gson2] INFO  o.e.m.c.i.embedder.EclipseLogger - Copying 0 resource
2023-04-11 20:16:53,185 [Worker-112: Launching Gson2] WARN  o.e.m.c.i.embedder.EclipseLogger - Using platform encoding (UTF-8 actually) to copy filtered resources, i.e. build is platform dependent!
2023-04-11 20:16:53,186 [Worker-112: Launching Gson2] INFO  o.e.m.c.i.embedder.EclipseLogger - skip non existing resourceDirectory /Users/idongbin/Desktop/java/ldb/ldb/workspace/2023-0407-javaStudy/src/test/resources
2023-04-11 20:17:02,893 [Worker-117: Building] WARN  o.e.m.c.i.embedder.EclipseLogger - Using platform encoding (UTF-8 actually) to copy filtered resources, i.e. build is platform dependent!
2023-04-11 20:17:02,900 [Worker-117: Building] INFO  o.e.m.c.i.embedder.EclipseLogger - Copying 0 resource
2023-04-11 20:17:02,905 [Worker-117: Building] WARN  o.e.m.c.i.embedder.EclipseLogger - Using platform encoding (UTF-8 actually) to copy filtered resources, i.e. build is platform dependent!
2023-04-11 20:17:02,905 [Worker-117: Building] INFO  o.e.m.c.i.embedder.EclipseLogger - skip non existing resourceDirectory /Users/idongbin/Desktop/java/ldb/ldb/workspace/2023-0407-javaStudy/src/test/resources
2023-04-11 20:17:56,883 [Worker-112: Launching Gson2] WARN  o.e.m.c.i.embedder.EclipseLogger - Using platform encoding (UTF-8 actually) to copy filtered resources, i.e. build is platform dependent!
2023-04-11 20:17:56,893 [Worker-112: Launching Gson2] INFO  o.e.m.c.i.embedder.EclipseLogger - Copying 0 resource
2023-04-11 20:17:56,901 [Worker-112: Launching Gson2] WARN  o.e.m.c.i.embedder.EclipseLogger - Using platform encoding (UTF-8 actually) to copy filtered resources, i.e. build is platform dependent!
2023-04-11 20:17:56,901 [Worker-112: Launching Gson2] INFO  o.e.m.c.i.embedder.EclipseLogger - skip non existing resourceDirectory /Users/idongbin/Desktop/java/ldb/ldb/workspace/2023-0407-javaStudy/src/test/resources
2023-04-11 20:19:43,537 [Worker-107: Building] WARN  o.e.m.c.i.embedder.EclipseLogger - Using platform encoding (UTF-8 actually) to copy filtered resources, i.e. build is platform dependent!
2023-04-11 20:19:43,551 [Worker-107: Building] INFO  o.e.m.c.i.embedder.EclipseLogger - Copying 0 resource
2023-04-11 20:19:43,554 [Worker-107: Building] WARN  o.e.m.c.i.embedder.EclipseLogger - Using platform encoding (UTF-8 actually) to copy filtered resources, i.e. build is platform dependent!
2023-04-11 20:19:43,554 [Worker-107: Building] INFO  o.e.m.c.i.embedder.EclipseLogger - skip non existing resourceDirectory /Users/idongbin/Desktop/java/ldb/ldb/workspace/2023-0407-javaStudy/src/test/resources
2023-04-11 20:27:46,143 [Worker-120: Building] WARN  o.e.m.c.i.embedder.EclipseLogger - Using platform encoding (UTF-8 actually) to copy filtered resources, i.e. build is platform dependent!
2023-04-11 20:27:46,153 [Worker-120: Building] INFO  o.e.m.c.i.embedder.EclipseLogger - Copying 0 resource
2023-04-11 20:27:46,158 [Worker-120: Building] WARN  o.e.m.c.i.embedder.EclipseLogger - Using platform encoding (UTF-8 actually) to copy filtered resources, i.e. build is platform dependent!
2023-04-11 20:27:46,159 [Worker-120: Building] INFO  o.e.m.c.i.embedder.EclipseLogger - skip non existing resourceDirectory /Users/idongbin/Desktop/java/ldb/ldb/workspace/2023-0407-javaStudy/src/test/resources
2023-04-11 20:28:29,202 [Worker-115: Launching Gson2] WARN  o.e.m.c.i.embedder.EclipseLogger - Using platform encoding (UTF-8 actually) to copy filtered resources, i.e. build is platform dependent!
2023-04-11 20:28:29,215 [Worker-115: Launching Gson2] INFO  o.e.m.c.i.embedder.EclipseLogger - Copying 0 resource
2023-04-11 20:28:29,219 [Worker-115: Launching Gson2] WARN  o.e.m.c.i.embedder.EclipseLogger - Using platform encoding (UTF-8 actually) to copy filtered resources, i.e. build is platform dependent!
2023-04-11 20:28:29,221 [Worker-115: Launching Gson2] INFO  o.e.m.c.i.embedder.EclipseLogger - skip non existing resourceDirectory /Users/idongbin/Desktop/java/ldb/ldb/workspace/2023-0407-javaStudy/src/test/resources
2023-04-11 20:29:36,827 [Worker-123: Building] WARN  o.e.m.c.i.embedder.EclipseLogger - Using platform encoding (UTF-8 actually) to copy filtered resources, i.e. build is platform dependent!
2023-04-11 20:29:36,840 [Worker-123: Building] INFO  o.e.m.c.i.embedder.EclipseLogger - Copying 0 resource
2023-04-11 20:29:36,843 [Worker-123: Building] WARN  o.e.m.c.i.embedder.EclipseLogger - Using platform encoding (UTF-8 actually) to copy filtered resources, i.e. build is platform dependent!
2023-04-11 20:29:36,843 [Worker-123: Building] INFO  o.e.m.c.i.embedder.EclipseLogger - skip non existing resourceDirectory /Users/idongbin/Desktop/java/ldb/ldb/workspace/2023-0407-javaStudy/src/test/resources
2023-04-11 20:29:54,666 [Worker-124: Building] WARN  o.e.m.c.i.embedder.EclipseLogger - Using platform encoding (UTF-8 actually) to copy filtered resources, i.e. build is platform dependent!
2023-04-11 20:29:54,671 [Worker-124: Building] INFO  o.e.m.c.i.embedder.EclipseLogger - Copying 0 resource
2023-04-11 20:29:54,675 [Worker-124: Building] WARN  o.e.m.c.i.embedder.EclipseLogger - Using platform encoding (UTF-8 actually) to copy filtered resources, i.e. build is platform dependent!
2023-04-11 20:29:54,676 [Worker-124: Building] INFO  o.e.m.c.i.embedder.EclipseLogger - skip non existing resourceDirectory /Users/idongbin/Desktop/java/ldb/ldb/workspace/2023-0407-javaStudy/src/test/resources
2023-04-11 20:35:15,093 [Worker-122: Building] WARN  o.e.m.c.i.embedder.EclipseLogger - Using platform encoding (UTF-8 actually) to copy filtered resources, i.e. build is platform dependent!
2023-04-11 20:35:15,106 [Worker-122: Building] INFO  o.e.m.c.i.embedder.EclipseLogger - Copying 0 resource
2023-04-11 20:35:15,111 [Worker-122: Building] WARN  o.e.m.c.i.embedder.EclipseLogger - Using platform encoding (UTF-8 actually) to copy filtered resources, i.e. build is platform dependent!
2023-04-11 20:35:15,111 [Worker-122: Building] INFO  o.e.m.c.i.embedder.EclipseLogger - skip non existing resourceDirectory /Users/idongbin/Desktop/java/ldb/ldb/workspace/2023-0407-javaStudy/src/test/resources
2023-04-11 20:35:36,042 [Worker-120: Building] WARN  o.e.m.c.i.embedder.EclipseLogger - Using platform encoding (UTF-8 actually) to copy filtered resources, i.e. build is platform dependent!
2023-04-11 20:35:36,048 [Worker-120: Building] INFO  o.e.m.c.i.embedder.EclipseLogger - Copying 0 resource
2023-04-11 20:35:36,050 [Worker-120: Building] WARN  o.e.m.c.i.embedder.EclipseLogger - Using platform encoding (UTF-8 actually) to copy filtered resources, i.e. build is platform dependent!
2023-04-11 20:35:36,050 [Worker-120: Building] INFO  o.e.m.c.i.embedder.EclipseLogger - skip non existing resourceDirectory /Users/idongbin/Desktop/java/ldb/ldb/workspace/2023-0407-javaStudy/src/test/resources
2023-04-11 20:39:58,367 [Worker-115: Building] WARN  o.e.m.c.i.embedder.EclipseLogger - Using platform encoding (UTF-8 actually) to copy filtered resources, i.e. build is platform dependent!
2023-04-11 20:39:58,379 [Worker-115: Building] INFO  o.e.m.c.i.embedder.EclipseLogger - Copying 0 resource
2023-04-11 20:39:58,382 [Worker-115: Building] WARN  o.e.m.c.i.embedder.EclipseLogger - Using platform encoding (UTF-8 actually) to copy filtered resources, i.e. build is platform dependent!
2023-04-11 20:39:58,382 [Worker-115: Building] INFO  o.e.m.c.i.embedder.EclipseLogger - skip non existing resourceDirectory /Users/idongbin/Desktop/java/ldb/ldb/workspace/2023-0407-javaStudy/src/test/resources
2023-04-11 20:40:59,378 [Worker-121: Launching Gson3] WARN  o.e.m.c.i.embedder.EclipseLogger - Using platform encoding (UTF-8 actually) to copy filtered resources, i.e. build is platform dependent!
2023-04-11 20:40:59,384 [Worker-121: Launching Gson3] INFO  o.e.m.c.i.embedder.EclipseLogger - Copying 0 resource
2023-04-11 20:40:59,386 [Worker-121: Launching Gson3] WARN  o.e.m.c.i.embedder.EclipseLogger - Using platform encoding (UTF-8 actually) to copy filtered resources, i.e. build is platform dependent!
2023-04-11 20:40:59,386 [Worker-121: Launching Gson3] INFO  o.e.m.c.i.embedder.EclipseLogger - skip non existing resourceDirectory /Users/idongbin/Desktop/java/ldb/ldb/workspace/2023-0407-javaStudy/src/test/resources
2023-04-11 20:41:49,396 [Worker-123: Building] WARN  o.e.m.c.i.embedder.EclipseLogger - Using platform encoding (UTF-8 actually) to copy filtered resources, i.e. build is platform dependent!
2023-04-11 20:41:49,401 [Worker-123: Building] INFO  o.e.m.c.i.embedder.EclipseLogger - Copying 0 resource
2023-04-11 20:41:49,403 [Worker-123: Building] WARN  o.e.m.c.i.embedder.EclipseLogger - Using platform encoding (UTF-8 actually) to copy filtered resources, i.e. build is platform dependent!
2023-04-11 20:41:49,403 [Worker-123: Building] INFO  o.e.m.c.i.embedder.EclipseLogger - skip non existing resourceDirectory /Users/idongbin/Desktop/java/ldb/ldb/workspace/2023-0407-javaStudy/src/test/resources
2023-04-11 20:43:45,079 [Worker-119: Launching Gson3] WARN  o.e.m.c.i.embedder.EclipseLogger - Using platform encoding (UTF-8 actually) to copy filtered resources, i.e. build is platform dependent!
2023-04-11 20:43:45,092 [Worker-119: Launching Gson3] INFO  o.e.m.c.i.embedder.EclipseLogger - Copying 0 resource
2023-04-11 20:43:45,095 [Worker-119: Launching Gson3] WARN  o.e.m.c.i.embedder.EclipseLogger - Using platform encoding (UTF-8 actually) to copy filtered resources, i.e. build is platform dependent!
2023-04-11 20:43:45,096 [Worker-119: Launching Gson3] INFO  o.e.m.c.i.embedder.EclipseLogger - skip non existing resourceDirectory /Users/idongbin/Desktop/java/ldb/ldb/workspace/2023-0407-javaStudy/src/test/resources
2023-04-11 20:44:21,991 [Worker-122: Building] WARN  o.e.m.c.i.embedder.EclipseLogger - Using platform encoding (UTF-8 actually) to copy filtered resources, i.e. build is platform dependent!
2023-04-11 20:44:21,997 [Worker-122: Building] INFO  o.e.m.c.i.embedder.EclipseLogger - Copying 0 resource
2023-04-11 20:44:21,998 [Worker-122: Building] WARN  o.e.m.c.i.embedder.EclipseLogger - Using platform encoding (UTF-8 actually) to copy filtered resources, i.e. build is platform dependent!
2023-04-11 20:44:21,998 [Worker-122: Building] INFO  o.e.m.c.i.embedder.EclipseLogger - skip non existing resourceDirectory /Users/idongbin/Desktop/java/ldb/ldb/workspace/2023-0407-javaStudy/src/test/resources
2023-04-11 20:45:55,456 [Worker-120: Building] WARN  o.e.m.c.i.embedder.EclipseLogger - Using platform encoding (UTF-8 actually) to copy filtered resources, i.e. build is platform dependent!
2023-04-11 20:45:55,470 [Worker-120: Building] INFO  o.e.m.c.i.embedder.EclipseLogger - Copying 0 resource
2023-04-11 20:45:55,472 [Worker-120: Building] WARN  o.e.m.c.i.embedder.EclipseLogger - Using platform encoding (UTF-8 actually) to copy filtered resources, i.e. build is platform dependent!
2023-04-11 20:45:55,472 [Worker-120: Building] INFO  o.e.m.c.i.embedder.EclipseLogger - skip non existing resourceDirectory /Users/idongbin/Desktop/java/ldb/ldb/workspace/2023-0407-javaStudy/src/test/resources
2023-04-11 20:48:54,454 [Worker-126: Building] WARN  o.e.m.c.i.embedder.EclipseLogger - Using platform encoding (UTF-8 actually) to copy filtered resources, i.e. build is platform dependent!
2023-04-11 20:48:54,470 [Worker-126: Building] INFO  o.e.m.c.i.embedder.EclipseLogger - Copying 0 resource
2023-04-11 20:48:54,473 [Worker-126: Building] WARN  o.e.m.c.i.embedder.EclipseLogger - Using platform encoding (UTF-8 actually) to copy filtered resources, i.e. build is platform dependent!
2023-04-11 20:48:54,473 [Worker-126: Building] INFO  o.e.m.c.i.embedder.EclipseLogger - skip non existing resourceDirectory /Users/idongbin/Desktop/java/ldb/ldb/workspace/2023-0407-javaStudy/src/test/resources
2023-04-11 20:49:23,888 [Worker-126: Building] WARN  o.e.m.c.i.embedder.EclipseLogger - Using platform encoding (UTF-8 actually) to copy filtered resources, i.e. build is platform dependent!
2023-04-11 20:49:23,894 [Worker-126: Building] INFO  o.e.m.c.i.embedder.EclipseLogger - Copying 0 resource
2023-04-11 20:49:23,895 [Worker-126: Building] WARN  o.e.m.c.i.embedder.EclipseLogger - Using platform encoding (UTF-8 actually) to copy filtered resources, i.e. build is platform dependent!
2023-04-11 20:49:23,896 [Worker-126: Building] INFO  o.e.m.c.i.embedder.EclipseLogger - skip non existing resourceDirectory /Users/idongbin/Desktop/java/ldb/ldb/workspace/2023-0407-javaStudy/src/test/resources
2023-04-11 21:11:06,118 [Worker-128: Building] WARN  o.e.m.c.i.embedder.EclipseLogger - Using platform encoding (UTF-8 actually) to copy filtered resources, i.e. build is platform dependent!
2023-04-11 21:11:06,127 [Worker-128: Building] INFO  o.e.m.c.i.embedder.EclipseLogger - Copying 0 resource
2023-04-11 21:11:06,129 [Worker-128: Building] WARN  o.e.m.c.i.embedder.EclipseLogger - Using platform encoding (UTF-8 actually) to copy filtered resources, i.e. build is platform dependent!
2023-04-11 21:11:06,130 [Worker-128: Building] INFO  o.e.m.c.i.embedder.EclipseLogger - skip non existing resourceDirectory /Users/idongbin/Desktop/java/ldb/ldb/workspace/2023-0407-javaStudy/src/test/resources
2023-04-11 21:13:48,700 [Worker-130: Launching Gson4] WARN  o.e.m.c.i.embedder.EclipseLogger - Using platform encoding (UTF-8 actually) to copy filtered resources, i.e. build is platform dependent!
2023-04-11 21:13:48,714 [Worker-130: Launching Gson4] INFO  o.e.m.c.i.embedder.EclipseLogger - Copying 0 resource
2023-04-11 21:13:48,717 [Worker-130: Launching Gson4] WARN  o.e.m.c.i.embedder.EclipseLogger - Using platform encoding (UTF-8 actually) to copy filtered resources, i.e. build is platform dependent!
2023-04-11 21:13:48,718 [Worker-130: Launching Gson4] INFO  o.e.m.c.i.embedder.EclipseLogger - skip non existing resourceDirectory /Users/idongbin/Desktop/java/ldb/ldb/workspace/2023-0407-javaStudy/src/test/resources
2023-04-11 21:17:40,874 [Worker-138: Launching Gson4] WARN  o.e.m.c.i.embedder.EclipseLogger - Using platform encoding (UTF-8 actually) to copy filtered resources, i.e. build is platform dependent!
2023-04-11 21:17:40,893 [Worker-138: Launching Gson4] INFO  o.e.m.c.i.embedder.EclipseLogger - Copying 0 resource
2023-04-11 21:17:40,896 [Worker-138: Launching Gson4] WARN  o.e.m.c.i.embedder.EclipseLogger - Using platform encoding (UTF-8 actually) to copy filtered resources, i.e. build is platform dependent!
2023-04-11 21:17:40,897 [Worker-138: Launching Gson4] INFO  o.e.m.c.i.embedder.EclipseLogger - skip non existing resourceDirectory /Users/idongbin/Desktop/java/ldb/ldb/workspace/2023-0407-javaStudy/src/test/resources
2023-04-11 21:20:31,712 [Worker-142: Launching Gson4] WARN  o.e.m.c.i.embedder.EclipseLogger - Using platform encoding (UTF-8 actually) to copy filtered resources, i.e. build is platform dependent!
2023-04-11 21:20:31,722 [Worker-142: Launching Gson4] INFO  o.e.m.c.i.embedder.EclipseLogger - Copying 0 resource
2023-04-11 21:20:31,724 [Worker-142: Launching Gson4] WARN  o.e.m.c.i.embedder.EclipseLogger - Using platform encoding (UTF-8 actually) to copy filtered resources, i.e. build is platform dependent!
2023-04-11 21:20:31,725 [Worker-142: Launching Gson4] INFO  o.e.m.c.i.embedder.EclipseLogger - skip non existing resourceDirectory /Users/idongbin/Desktop/java/ldb/ldb/workspace/2023-0407-javaStudy/src/test/resources
2023-04-11 21:20:58,560 [Worker-136: Building] WARN  o.e.m.c.i.embedder.EclipseLogger - Using platform encoding (UTF-8 actually) to copy filtered resources, i.e. build is platform dependent!
2023-04-11 21:20:58,566 [Worker-136: Building] INFO  o.e.m.c.i.embedder.EclipseLogger - Copying 0 resource
2023-04-11 21:20:58,567 [Worker-136: Building] WARN  o.e.m.c.i.embedder.EclipseLogger - Using platform encoding (UTF-8 actually) to copy filtered resources, i.e. build is platform dependent!
2023-04-11 21:20:58,568 [Worker-136: Building] INFO  o.e.m.c.i.embedder.EclipseLogger - skip non existing resourceDirectory /Users/idongbin/Desktop/java/ldb/ldb/workspace/2023-0407-javaStudy/src/test/resources
2023-04-11 21:21:37,180 [Worker-142: Building] WARN  o.e.m.c.i.embedder.EclipseLogger - Using platform encoding (UTF-8 actually) to copy filtered resources, i.e. build is platform dependent!
2023-04-11 21:21:37,189 [Worker-142: Building] INFO  o.e.m.c.i.embedder.EclipseLogger - Copying 0 resource
2023-04-11 21:21:37,191 [Worker-142: Building] WARN  o.e.m.c.i.embedder.EclipseLogger - Using platform encoding (UTF-8 actually) to copy filtered resources, i.e. build is platform dependent!
2023-04-11 21:21:37,191 [Worker-142: Building] INFO  o.e.m.c.i.embedder.EclipseLogger - skip non existing resourceDirectory /Users/idongbin/Desktop/java/ldb/ldb/workspace/2023-0407-javaStudy/src/test/resources
2023-04-11 21:22:26,706 [Worker-142: Building] WARN  o.e.m.c.i.embedder.EclipseLogger - Using platform encoding (UTF-8 actually) to copy filtered resources, i.e. build is platform dependent!
2023-04-11 21:22:26,716 [Worker-142: Building] INFO  o.e.m.c.i.embedder.EclipseLogger - Copying 0 resource
2023-04-11 21:22:26,718 [Worker-142: Building] WARN  o.e.m.c.i.embedder.EclipseLogger - Using platform encoding (UTF-8 actually) to copy filtered resources, i.e. build is platform dependent!
2023-04-11 21:22:26,718 [Worker-142: Building] INFO  o.e.m.c.i.embedder.EclipseLogger - skip non existing resourceDirectory /Users/idongbin/Desktop/java/ldb/ldb/workspace/2023-0407-javaStudy/src/test/resources
2023-04-11 21:25:06,531 [Worker-147: Building] WARN  o.e.m.c.i.embedder.EclipseLogger - Using platform encoding (UTF-8 actually) to copy filtered resources, i.e. build is platform dependent!
2023-04-11 21:25:06,545 [Worker-147: Building] INFO  o.e.m.c.i.embedder.EclipseLogger - Copying 0 resource
2023-04-11 21:25:06,547 [Worker-147: Building] WARN  o.e.m.c.i.embedder.EclipseLogger - Using platform encoding (UTF-8 actually) to copy filtered resources, i.e. build is platform dependent!
2023-04-11 21:25:06,547 [Worker-147: Building] INFO  o.e.m.c.i.embedder.EclipseLogger - skip non existing resourceDirectory /Users/idongbin/Desktop/java/ldb/ldb/workspace/2023-0407-javaStudy/src/test/resources
2023-04-11 21:25:28,444 [Worker-145: Building] WARN  o.e.m.c.i.embedder.EclipseLogger - Using platform encoding (UTF-8 actually) to copy filtered resources, i.e. build is platform dependent!
2023-04-11 21:25:28,449 [Worker-145: Building] INFO  o.e.m.c.i.embedder.EclipseLogger - Copying 0 resource
2023-04-11 21:25:28,452 [Worker-145: Building] WARN  o.e.m.c.i.embedder.EclipseLogger - Using platform encoding (UTF-8 actually) to copy filtered resources, i.e. build is platform dependent!
2023-04-11 21:25:28,452 [Worker-145: Building] INFO  o.e.m.c.i.embedder.EclipseLogger - skip non existing resourceDirectory /Users/idongbin/Desktop/java/ldb/ldb/workspace/2023-0407-javaStudy/src/test/resources
2023-04-11 21:26:45,404 [Worker-142: Launching Gson5] WARN  o.e.m.c.i.embedder.EclipseLogger - Using platform encoding (UTF-8 actually) to copy filtered resources, i.e. build is platform dependent!
2023-04-11 21:26:45,419 [Worker-142: Launching Gson5] INFO  o.e.m.c.i.embedder.EclipseLogger - Copying 0 resource
2023-04-11 21:26:45,424 [Worker-142: Launching Gson5] WARN  o.e.m.c.i.embedder.EclipseLogger - Using platform encoding (UTF-8 actually) to copy filtered resources, i.e. build is platform dependent!
2023-04-11 21:26:45,424 [Worker-142: Launching Gson5] INFO  o.e.m.c.i.embedder.EclipseLogger - skip non existing resourceDirectory /Users/idongbin/Desktop/java/ldb/ldb/workspace/2023-0407-javaStudy/src/test/resources
2023-04-11 21:30:15,589 [Worker-148: Launching Gson5] WARN  o.e.m.c.i.embedder.EclipseLogger - Using platform encoding (UTF-8 actually) to copy filtered resources, i.e. build is platform dependent!
2023-04-11 21:30:15,601 [Worker-148: Launching Gson5] INFO  o.e.m.c.i.embedder.EclipseLogger - Copying 0 resource
2023-04-11 21:30:15,603 [Worker-148: Launching Gson5] WARN  o.e.m.c.i.embedder.EclipseLogger - Using platform encoding (UTF-8 actually) to copy filtered resources, i.e. build is platform dependent!
2023-04-11 21:30:15,603 [Worker-148: Launching Gson5] INFO  o.e.m.c.i.embedder.EclipseLogger - skip non existing resourceDirectory /Users/idongbin/Desktop/java/ldb/ldb/workspace/2023-0407-javaStudy/src/test/resources
2023-04-11 21:30:38,003 [Worker-152: Launching Gson5] WARN  o.e.m.c.i.embedder.EclipseLogger - Using platform encoding (UTF-8 actually) to copy filtered resources, i.e. build is platform dependent!
2023-04-11 21:30:38,011 [Worker-152: Launching Gson5] INFO  o.e.m.c.i.embedder.EclipseLogger - Copying 0 resource
2023-04-11 21:30:38,015 [Worker-152: Launching Gson5] WARN  o.e.m.c.i.embedder.EclipseLogger - Using platform encoding (UTF-8 actually) to copy filtered resources, i.e. build is platform dependent!
2023-04-11 21:30:38,016 [Worker-152: Launching Gson5] INFO  o.e.m.c.i.embedder.EclipseLogger - skip non existing resourceDirectory /Users/idongbin/Desktop/java/ldb/ldb/workspace/2023-0407-javaStudy/src/test/resources
2023-04-11 21:31:25,983 [Worker-152: Launching Gson5] WARN  o.e.m.c.i.embedder.EclipseLogger - Using platform encoding (UTF-8 actually) to copy filtered resources, i.e. build is platform dependent!
2023-04-11 21:31:25,995 [Worker-152: Launching Gson5] INFO  o.e.m.c.i.embedder.EclipseLogger - Copying 0 resource
2023-04-11 21:31:25,997 [Worker-152: Launching Gson5] WARN  o.e.m.c.i.embedder.EclipseLogger - Using platform encoding (UTF-8 actually) to copy filtered resources, i.e. build is platform dependent!
2023-04-11 21:31:25,998 [Worker-152: Launching Gson5] INFO  o.e.m.c.i.embedder.EclipseLogger - skip non existing resourceDirectory /Users/idongbin/Desktop/java/ldb/ldb/workspace/2023-0407-javaStudy/src/test/resources
2023-04-11 21:32:19,852 [Worker-149: Building] WARN  o.e.m.c.i.embedder.EclipseLogger - Using platform encoding (UTF-8 actually) to copy filtered resources, i.e. build is platform dependent!
2023-04-11 21:32:19,864 [Worker-149: Building] INFO  o.e.m.c.i.embedder.EclipseLogger - Copying 0 resource
2023-04-11 21:32:19,866 [Worker-149: Building] WARN  o.e.m.c.i.embedder.EclipseLogger - Using platform encoding (UTF-8 actually) to copy filtered resources, i.e. build is platform dependent!
2023-04-11 21:32:19,867 [Worker-149: Building] INFO  o.e.m.c.i.embedder.EclipseLogger - skip non existing resourceDirectory /Users/idongbin/Desktop/java/ldb/ldb/workspace/2023-0407-javaStudy/src/test/resources
2023-04-11 21:32:32,587 [Worker-152: Launching Gson5] WARN  o.e.m.c.i.embedder.EclipseLogger - Using platform encoding (UTF-8 actually) to copy filtered resources, i.e. build is platform dependent!
2023-04-11 21:32:32,592 [Worker-152: Launching Gson5] INFO  o.e.m.c.i.embedder.EclipseLogger - Copying 0 resource
2023-04-11 21:32:32,595 [Worker-152: Launching Gson5] WARN  o.e.m.c.i.embedder.EclipseLogger - Using platform encoding (UTF-8 actually) to copy filtered resources, i.e. build is platform dependent!
2023-04-11 21:32:32,595 [Worker-152: Launching Gson5] INFO  o.e.m.c.i.embedder.EclipseLogger - skip non existing resourceDirectory /Users/idongbin/Desktop/java/ldb/ldb/workspace/2023-0407-javaStudy/src/test/resources
2023-04-11 21:33:48,467 [Worker-139: Launching Gson5] WARN  o.e.m.c.i.embedder.EclipseLogger - Using platform encoding (UTF-8 actually) to copy filtered resources, i.e. build is platform dependent!
2023-04-11 21:33:48,480 [Worker-139: Launching Gson5] INFO  o.e.m.c.i.embedder.EclipseLogger - Copying 0 resource
2023-04-11 21:33:48,484 [Worker-139: Launching Gson5] WARN  o.e.m.c.i.embedder.EclipseLogger - Using platform encoding (UTF-8 actually) to copy filtered resources, i.e. build is platform dependent!
2023-04-11 21:33:48,486 [Worker-139: Launching Gson5] INFO  o.e.m.c.i.embedder.EclipseLogger - skip non existing resourceDirectory /Users/idongbin/Desktop/java/ldb/ldb/workspace/2023-0407-javaStudy/src/test/resources
2023-04-11 21:34:50,080 [Worker-156: Building] WARN  o.e.m.c.i.embedder.EclipseLogger - Using platform encoding (UTF-8 actually) to copy filtered resources, i.e. build is platform dependent!
2023-04-11 21:34:50,096 [Worker-156: Building] INFO  o.e.m.c.i.embedder.EclipseLogger - Copying 0 resource
2023-04-11 21:34:50,100 [Worker-156: Building] WARN  o.e.m.c.i.embedder.EclipseLogger - Using platform encoding (UTF-8 actually) to copy filtered resources, i.e. build is platform dependent!
2023-04-11 21:34:50,101 [Worker-156: Building] INFO  o.e.m.c.i.embedder.EclipseLogger - skip non existing resourceDirectory /Users/idongbin/Desktop/java/ldb/ldb/workspace/2023-0407-javaStudy/src/test/resources
2023-04-11 21:36:39,879 [Worker-149: Building] WARN  o.e.m.c.i.embedder.EclipseLogger - Using platform encoding (UTF-8 actually) to copy filtered resources, i.e. build is platform dependent!
2023-04-11 21:36:39,894 [Worker-149: Building] INFO  o.e.m.c.i.embedder.EclipseLogger - Copying 0 resource
2023-04-11 21:36:39,896 [Worker-149: Building] WARN  o.e.m.c.i.embedder.EclipseLogger - Using platform encoding (UTF-8 actually) to copy filtered resources, i.e. build is platform dependent!
2023-04-11 21:36:39,896 [Worker-149: Building] INFO  o.e.m.c.i.embedder.EclipseLogger - skip non existing resourceDirectory /Users/idongbin/Desktop/java/ldb/ldb/workspace/2023-0407-javaStudy/src/test/resources
2023-04-11 21:39:11,474 [Worker-153: Building] WARN  o.e.m.c.i.embedder.EclipseLogger - Using platform encoding (UTF-8 actually) to copy filtered resources, i.e. build is platform dependent!
2023-04-11 21:39:11,495 [Worker-153: Building] INFO  o.e.m.c.i.embedder.EclipseLogger - Copying 0 resource
2023-04-11 21:39:11,501 [Worker-153: Building] WARN  o.e.m.c.i.embedder.EclipseLogger - Using platform encoding (UTF-8 actually) to copy filtered resources, i.e. build is platform dependent!
2023-04-11 21:39:11,502 [Worker-153: Building] INFO  o.e.m.c.i.embedder.EclipseLogger - skip non existing resourceDirectory /Users/idongbin/Desktop/java/ldb/ldb/workspace/2023-0407-javaStudy/src/test/resources
2023-04-11 21:41:45,244 [Worker-162: Building] WARN  o.e.m.c.i.embedder.EclipseLogger - Using platform encoding (UTF-8 actually) to copy filtered resources, i.e. build is platform dependent!
2023-04-11 21:41:45,261 [Worker-162: Building] INFO  o.e.m.c.i.embedder.EclipseLogger - Copying 0 resource
2023-04-11 21:41:45,266 [Worker-162: Building] WARN  o.e.m.c.i.embedder.EclipseLogger - Using platform encoding (UTF-8 actually) to copy filtered resources, i.e. build is platform dependent!
2023-04-11 21:41:45,266 [Worker-162: Building] INFO  o.e.m.c.i.embedder.EclipseLogger - skip non existing resourceDirectory /Users/idongbin/Desktop/java/ldb/ldb/workspace/2023-0407-javaStudy/src/test/resources
2023-04-11 21:43:03,067 [Worker-163: Building] WARN  o.e.m.c.i.embedder.EclipseLogger - Using platform encoding (UTF-8 actually) to copy filtered resources, i.e. build is platform dependent!
2023-04-11 21:43:03,077 [Worker-163: Building] INFO  o.e.m.c.i.embedder.EclipseLogger - Copying 0 resource
2023-04-11 21:43:03,079 [Worker-163: Building] WARN  o.e.m.c.i.embedder.EclipseLogger - Using platform encoding (UTF-8 actually) to copy filtered resources, i.e. build is platform dependent!
2023-04-11 21:43:03,079 [Worker-163: Building] INFO  o.e.m.c.i.embedder.EclipseLogger - skip non existing resourceDirectory /Users/idongbin/Desktop/java/ldb/ldb/workspace/2023-0407-javaStudy/src/test/resources
2023-04-11 21:43:25,823 [Worker-162: Building] WARN  o.e.m.c.i.embedder.EclipseLogger - Using platform encoding (UTF-8 actually) to copy filtered resources, i.e. build is platform dependent!
2023-04-11 21:43:25,828 [Worker-162: Building] INFO  o.e.m.c.i.embedder.EclipseLogger - Copying 0 resource
2023-04-11 21:43:25,832 [Worker-162: Building] WARN  o.e.m.c.i.embedder.EclipseLogger - Using platform encoding (UTF-8 actually) to copy filtered resources, i.e. build is platform dependent!
2023-04-11 21:43:25,832 [Worker-162: Building] INFO  o.e.m.c.i.embedder.EclipseLogger - skip non existing resourceDirectory /Users/idongbin/Desktop/java/ldb/ldb/workspace/2023-0407-javaStudy/src/test/resources
2023-04-11 21:46:16,938 [Worker-165: Launching Main (1)] WARN  o.e.m.c.i.embedder.EclipseLogger - Using platform encoding (UTF-8 actually) to copy filtered resources, i.e. build is platform dependent!
2023-04-11 21:46:16,955 [Worker-165: Launching Main (1)] INFO  o.e.m.c.i.embedder.EclipseLogger - Copying 0 resource
2023-04-11 21:46:16,957 [Worker-165: Launching Main (1)] WARN  o.e.m.c.i.embedder.EclipseLogger - Using platform encoding (UTF-8 actually) to copy filtered resources, i.e. build is platform dependent!
2023-04-11 21:46:16,958 [Worker-165: Launching Main (1)] INFO  o.e.m.c.i.embedder.EclipseLogger - skip non existing resourceDirectory /Users/idongbin/Desktop/java/ldb/ldb/workspace/2023-0407-javaStudy/src/test/resources
2023-04-12 19:43:10,909 [Worker-181: Building] WARN  o.e.m.c.i.embedder.EclipseLogger - Using platform encoding (UTF-8 actually) to copy filtered resources, i.e. build is platform dependent!
2023-04-12 19:43:10,940 [Worker-181: Building] INFO  o.e.m.c.i.embedder.EclipseLogger - Copying 0 resource
2023-04-12 19:43:10,949 [Worker-181: Building] WARN  o.e.m.c.i.embedder.EclipseLogger - Using platform encoding (UTF-8 actually) to copy filtered resources, i.e. build is platform dependent!
2023-04-12 19:43:10,950 [Worker-181: Building] INFO  o.e.m.c.i.embedder.EclipseLogger - skip non existing resourceDirectory /Users/idongbin/Desktop/java/ldb/ldb/workspace/2023-0407-javaStudy/src/test/resources
2023-04-12 19:43:32,126 [Worker-9: Loading available Gradle versions] INFO  o.e.b.c.i.u.g.PublishedGradleVersions - Gradle version information cache is out-of-date. Trying to update.
2023-04-12 19:49:22,676 [Worker-18: Building] WARN  o.e.m.c.i.embedder.EclipseLogger - Using platform encoding (UTF-8 actually) to copy filtered resources, i.e. build is platform dependent!
2023-04-12 19:49:22,700 [Worker-18: Building] INFO  o.e.m.c.i.embedder.EclipseLogger - Copying 0 resource
2023-04-12 19:49:22,721 [Worker-18: Building] WARN  o.e.m.c.i.embedder.EclipseLogger - Using platform encoding (UTF-8 actually) to copy filtered resources, i.e. build is platform dependent!
2023-04-12 19:49:22,721 [Worker-18: Building] INFO  o.e.m.c.i.embedder.EclipseLogger - skip non existing resourceDirectory /Users/idongbin/Desktop/java/ldb/ldb/workspace/2023-0407-javaStudy/src/test/resources
2023-04-12 20:05:42,822 [Worker-22: Building] WARN  o.e.m.c.i.embedder.EclipseLogger - Using platform encoding (UTF-8 actually) to copy filtered resources, i.e. build is platform dependent!
2023-04-12 20:05:42,849 [Worker-22: Building] INFO  o.e.m.c.i.embedder.EclipseLogger - Copying 0 resource
2023-04-12 20:05:42,855 [Worker-22: Building] WARN  o.e.m.c.i.embedder.EclipseLogger - Using platform encoding (UTF-8 actually) to copy filtered resources, i.e. build is platform dependent!
2023-04-12 20:05:42,856 [Worker-22: Building] INFO  o.e.m.c.i.embedder.EclipseLogger - skip non existing resourceDirectory /Users/idongbin/Desktop/java/ldb/ldb/workspace/2023-0407-javaStudy/src/test/resources
2023-04-12 20:08:37,563 [Worker-27: Building] WARN  o.e.m.c.i.embedder.EclipseLogger - Using platform encoding (UTF-8 actually) to copy filtered resources, i.e. build is platform dependent!
2023-04-12 20:08:37,574 [Worker-27: Building] INFO  o.e.m.c.i.embedder.EclipseLogger - Copying 0 resource
2023-04-12 20:08:37,579 [Worker-27: Building] WARN  o.e.m.c.i.embedder.EclipseLogger - Using platform encoding (UTF-8 actually) to copy filtered resources, i.e. build is platform dependent!
2023-04-12 20:08:37,580 [Worker-27: Building] INFO  o.e.m.c.i.embedder.EclipseLogger - skip non existing resourceDirectory /Users/idongbin/Desktop/java/ldb/ldb/workspace/2023-0407-javaStudy/src/test/resources
2023-04-12 20:10:25,047 [Worker-28: Building] WARN  o.e.m.c.i.embedder.EclipseLogger - Using platform encoding (UTF-8 actually) to copy filtered resources, i.e. build is platform dependent!
2023-04-12 20:10:25,053 [Worker-28: Building] INFO  o.e.m.c.i.embedder.EclipseLogger - Copying 0 resource
2023-04-12 20:10:25,055 [Worker-28: Building] WARN  o.e.m.c.i.embedder.EclipseLogger - Using platform encoding (UTF-8 actually) to copy filtered resources, i.e. build is platform dependent!
2023-04-12 20:10:25,056 [Worker-28: Building] INFO  o.e.m.c.i.embedder.EclipseLogger - skip non existing resourceDirectory /Users/idongbin/Desktop/java/ldb/ldb/workspace/2023-0407-javaStudy/src/test/resources
2023-04-12 20:11:37,250 [Worker-28: Building] WARN  o.e.m.c.i.embedder.EclipseLogger - Using platform encoding (UTF-8 actually) to copy filtered resources, i.e. build is platform dependent!
2023-04-12 20:11:37,262 [Worker-28: Building] INFO  o.e.m.c.i.embedder.EclipseLogger - Copying 0 resource
2023-04-12 20:11:37,264 [Worker-28: Building] WARN  o.e.m.c.i.embedder.EclipseLogger - Using platform encoding (UTF-8 actually) to copy filtered resources, i.e. build is platform dependent!
2023-04-12 20:11:37,265 [Worker-28: Building] INFO  o.e.m.c.i.embedder.EclipseLogger - skip non existing resourceDirectory /Users/idongbin/Desktop/java/ldb/ldb/workspace/2023-0407-javaStudy/src/test/resources
2023-04-12 20:12:41,969 [Worker-27: Building] WARN  o.e.m.c.i.embedder.EclipseLogger - Using platform encoding (UTF-8 actually) to copy filtered resources, i.e. build is platform dependent!
2023-04-12 20:12:41,979 [Worker-27: Building] INFO  o.e.m.c.i.embedder.EclipseLogger - Copying 0 resource
2023-04-12 20:12:41,983 [Worker-27: Building] WARN  o.e.m.c.i.embedder.EclipseLogger - Using platform encoding (UTF-8 actually) to copy filtered resources, i.e. build is platform dependent!
2023-04-12 20:12:41,983 [Worker-27: Building] INFO  o.e.m.c.i.embedder.EclipseLogger - skip non existing resourceDirectory /Users/idongbin/Desktop/java/ldb/ldb/workspace/2023-0407-javaStudy/src/test/resources
2023-04-12 20:13:45,452 [Worker-28: Launching Main (2)] WARN  o.e.m.c.i.embedder.EclipseLogger - Using platform encoding (UTF-8 actually) to copy filtered resources, i.e. build is platform dependent!
2023-04-12 20:13:45,465 [Worker-28: Launching Main (2)] INFO  o.e.m.c.i.embedder.EclipseLogger - Copying 0 resource
2023-04-12 20:13:45,475 [Worker-28: Launching Main (2)] WARN  o.e.m.c.i.embedder.EclipseLogger - Using platform encoding (UTF-8 actually) to copy filtered resources, i.e. build is platform dependent!
2023-04-12 20:13:45,475 [Worker-28: Launching Main (2)] INFO  o.e.m.c.i.embedder.EclipseLogger - skip non existing resourceDirectory /Users/idongbin/Desktop/java/ldb/ldb/workspace/2023-0407-javaStudy/src/test/resources
2023-04-12 20:17:46,444 [Worker-35: Building] WARN  o.e.m.c.i.embedder.EclipseLogger - Using platform encoding (UTF-8 actually) to copy filtered resources, i.e. build is platform dependent!
2023-04-12 20:17:46,458 [Worker-35: Building] INFO  o.e.m.c.i.embedder.EclipseLogger - Copying 0 resource
2023-04-12 20:17:46,462 [Worker-35: Building] WARN  o.e.m.c.i.embedder.EclipseLogger - Using platform encoding (UTF-8 actually) to copy filtered resources, i.e. build is platform dependent!
2023-04-12 20:17:46,463 [Worker-35: Building] INFO  o.e.m.c.i.embedder.EclipseLogger - skip non existing resourceDirectory /Users/idongbin/Desktop/java/ldb/ldb/workspace/2023-0407-javaStudy/src/test/resources
2023-04-12 20:19:10,069 [Worker-32: Building] WARN  o.e.m.c.i.embedder.EclipseLogger - Using platform encoding (UTF-8 actually) to copy filtered resources, i.e. build is platform dependent!
2023-04-12 20:19:10,088 [Worker-32: Building] INFO  o.e.m.c.i.embedder.EclipseLogger - Copying 0 resource
2023-04-12 20:19:10,091 [Worker-32: Building] WARN  o.e.m.c.i.embedder.EclipseLogger - Using platform encoding (UTF-8 actually) to copy filtered resources, i.e. build is platform dependent!
2023-04-12 20:19:10,091 [Worker-32: Building] INFO  o.e.m.c.i.embedder.EclipseLogger - skip non existing resourceDirectory /Users/idongbin/Desktop/java/ldb/ldb/workspace/2023-0407-javaStudy/src/test/resources
2023-04-12 20:23:50,119 [Worker-34: Launching PrincipalDetails] WARN  o.e.m.c.i.embedder.EclipseLogger - Using platform encoding (UTF-8 actually) to copy filtered resources, i.e. build is platform dependent!
2023-04-12 20:23:50,142 [Worker-34: Launching PrincipalDetails] INFO  o.e.m.c.i.embedder.EclipseLogger - Copying 0 resource
2023-04-12 20:23:50,151 [Worker-34: Launching PrincipalDetails] WARN  o.e.m.c.i.embedder.EclipseLogger - Using platform encoding (UTF-8 actually) to copy filtered resources, i.e. build is platform dependent!
2023-04-12 20:23:50,152 [Worker-34: Launching PrincipalDetails] INFO  o.e.m.c.i.embedder.EclipseLogger - skip non existing resourceDirectory /Users/idongbin/Desktop/java/ldb/ldb/workspace/2023-0407-javaStudy/src/test/resources
2023-04-12 20:24:04,195 [Worker-32: Launching PrincipalDetails] WARN  o.e.m.c.i.embedder.EclipseLogger - Using platform encoding (UTF-8 actually) to copy filtered resources, i.e. build is platform dependent!
2023-04-12 20:24:04,204 [Worker-32: Launching PrincipalDetails] INFO  o.e.m.c.i.embedder.EclipseLogger - Copying 0 resource
2023-04-12 20:24:04,208 [Worker-32: Launching PrincipalDetails] WARN  o.e.m.c.i.embedder.EclipseLogger - Using platform encoding (UTF-8 actually) to copy filtered resources, i.e. build is platform dependent!
2023-04-12 20:24:04,211 [Worker-32: Launching PrincipalDetails] INFO  o.e.m.c.i.embedder.EclipseLogger - skip non existing resourceDirectory /Users/idongbin/Desktop/java/ldb/ldb/workspace/2023-0407-javaStudy/src/test/resources
2023-04-12 20:24:21,927 [Worker-38: Launching PrincipalDetails] WARN  o.e.m.c.i.embedder.EclipseLogger - Using platform encoding (UTF-8 actually) to copy filtered resources, i.e. build is platform dependent!
2023-04-12 20:24:21,936 [Worker-38: Launching PrincipalDetails] INFO  o.e.m.c.i.embedder.EclipseLogger - Copying 0 resource
2023-04-12 20:24:21,940 [Worker-38: Launching PrincipalDetails] WARN  o.e.m.c.i.embedder.EclipseLogger - Using platform encoding (UTF-8 actually) to copy filtered resources, i.e. build is platform dependent!
2023-04-12 20:24:21,941 [Worker-38: Launching PrincipalDetails] INFO  o.e.m.c.i.embedder.EclipseLogger - skip non existing resourceDirectory /Users/idongbin/Desktop/java/ldb/ldb/workspace/2023-0407-javaStudy/src/test/resources
2023-04-12 20:24:38,296 [Worker-34: Launching PrincipalDetails] WARN  o.e.m.c.i.embedder.EclipseLogger - Using platform encoding (UTF-8 actually) to copy filtered resources, i.e. build is platform dependent!
2023-04-12 20:24:38,301 [Worker-34: Launching PrincipalDetails] INFO  o.e.m.c.i.embedder.EclipseLogger - Copying 0 resource
2023-04-12 20:24:38,303 [Worker-34: Launching PrincipalDetails] WARN  o.e.m.c.i.embedder.EclipseLogger - Using platform encoding (UTF-8 actually) to copy filtered resources, i.e. build is platform dependent!
2023-04-12 20:24:38,303 [Worker-34: Launching PrincipalDetails] INFO  o.e.m.c.i.embedder.EclipseLogger - skip non existing resourceDirectory /Users/idongbin/Desktop/java/ldb/ldb/workspace/2023-0407-javaStudy/src/test/resources
2023-04-12 20:24:45,460 [Worker-34: Launching PrincipalDetails] WARN  o.e.m.c.i.embedder.EclipseLogger - Using platform encoding (UTF-8 actually) to copy filtered resources, i.e. build is platform dependent!
2023-04-12 20:24:45,470 [Worker-34: Launching PrincipalDetails] INFO  o.e.m.c.i.embedder.EclipseLogger - Copying 0 resource
2023-04-12 20:24:45,476 [Worker-34: Launching PrincipalDetails] WARN  o.e.m.c.i.embedder.EclipseLogger - Using platform encoding (UTF-8 actually) to copy filtered resources, i.e. build is platform dependent!
2023-04-12 20:24:45,477 [Worker-34: Launching PrincipalDetails] INFO  o.e.m.c.i.embedder.EclipseLogger - skip non existing resourceDirectory /Users/idongbin/Desktop/java/ldb/ldb/workspace/2023-0407-javaStudy/src/test/resources
2023-04-12 20:25:00,695 [Worker-34: Launching PrincipalDetails] WARN  o.e.m.c.i.embedder.EclipseLogger - Using platform encoding (UTF-8 actually) to copy filtered resources, i.e. build is platform dependent!
2023-04-12 20:25:00,702 [Worker-34: Launching PrincipalDetails] INFO  o.e.m.c.i.embedder.EclipseLogger - Copying 0 resource
2023-04-12 20:25:00,705 [Worker-34: Launching PrincipalDetails] WARN  o.e.m.c.i.embedder.EclipseLogger - Using platform encoding (UTF-8 actually) to copy filtered resources, i.e. build is platform dependent!
2023-04-12 20:25:00,706 [Worker-34: Launching PrincipalDetails] INFO  o.e.m.c.i.embedder.EclipseLogger - skip non existing resourceDirectory /Users/idongbin/Desktop/java/ldb/ldb/workspace/2023-0407-javaStudy/src/test/resources
2023-04-12 20:25:06,890 [Worker-33: Launching PrincipalDetails] WARN  o.e.m.c.i.embedder.EclipseLogger - Using platform encoding (UTF-8 actually) to copy filtered resources, i.e. build is platform dependent!
2023-04-12 20:25:06,895 [Worker-33: Launching PrincipalDetails] INFO  o.e.m.c.i.embedder.EclipseLogger - Copying 0 resource
2023-04-12 20:25:06,904 [Worker-33: Launching PrincipalDetails] WARN  o.e.m.c.i.embedder.EclipseLogger - Using platform encoding (UTF-8 actually) to copy filtered resources, i.e. build is platform dependent!
2023-04-12 20:25:06,904 [Worker-33: Launching PrincipalDetails] INFO  o.e.m.c.i.embedder.EclipseLogger - skip non existing resourceDirectory /Users/idongbin/Desktop/java/ldb/ldb/workspace/2023-0407-javaStudy/src/test/resources
2023-04-12 20:25:15,611 [Worker-27: Launching PrincipalDetails] WARN  o.e.m.c.i.embedder.EclipseLogger - Using platform encoding (UTF-8 actually) to copy filtered resources, i.e. build is platform dependent!
2023-04-12 20:25:15,618 [Worker-27: Launching PrincipalDetails] INFO  o.e.m.c.i.embedder.EclipseLogger - Copying 0 resource
2023-04-12 20:25:15,622 [Worker-27: Launching PrincipalDetails] WARN  o.e.m.c.i.embedder.EclipseLogger - Using platform encoding (UTF-8 actually) to copy filtered resources, i.e. build is platform dependent!
2023-04-12 20:25:15,624 [Worker-27: Launching PrincipalDetails] INFO  o.e.m.c.i.embedder.EclipseLogger - skip non existing resourceDirectory /Users/idongbin/Desktop/java/ldb/ldb/workspace/2023-0407-javaStudy/src/test/resources
2023-04-12 20:29:50,780 [Worker-33: Building] WARN  o.e.m.c.i.embedder.EclipseLogger - Using platform encoding (UTF-8 actually) to copy filtered resources, i.e. build is platform dependent!
2023-04-12 20:29:50,798 [Worker-33: Building] INFO  o.e.m.c.i.embedder.EclipseLogger - Copying 0 resource
2023-04-12 20:29:50,805 [Worker-33: Building] WARN  o.e.m.c.i.embedder.EclipseLogger - Using platform encoding (UTF-8 actually) to copy filtered resources, i.e. build is platform dependent!
2023-04-12 20:29:50,806 [Worker-33: Building] INFO  o.e.m.c.i.embedder.EclipseLogger - skip non existing resourceDirectory /Users/idongbin/Desktop/java/ldb/ldb/workspace/2023-0407-javaStudy/src/test/resources
2023-04-12 20:33:02,945 [Worker-35: Launching PrincipalDetails] WARN  o.e.m.c.i.embedder.EclipseLogger - Using platform encoding (UTF-8 actually) to copy filtered resources, i.e. build is platform dependent!
2023-04-12 20:33:02,962 [Worker-35: Launching PrincipalDetails] INFO  o.e.m.c.i.embedder.EclipseLogger - Copying 0 resource
2023-04-12 20:33:02,968 [Worker-35: Launching PrincipalDetails] WARN  o.e.m.c.i.embedder.EclipseLogger - Using platform encoding (UTF-8 actually) to copy filtered resources, i.e. build is platform dependent!
2023-04-12 20:33:02,969 [Worker-35: Launching PrincipalDetails] INFO  o.e.m.c.i.embedder.EclipseLogger - skip non existing resourceDirectory /Users/idongbin/Desktop/java/ldb/ldb/workspace/2023-0407-javaStudy/src/test/resources
2023-04-12 20:33:12,002 [Worker-35: Launching PrincipalDetails] WARN  o.e.m.c.i.embedder.EclipseLogger - Using platform encoding (UTF-8 actually) to copy filtered resources, i.e. build is platform dependent!
2023-04-12 20:33:12,007 [Worker-35: Launching PrincipalDetails] INFO  o.e.m.c.i.embedder.EclipseLogger - Copying 0 resource
2023-04-12 20:33:12,011 [Worker-35: Launching PrincipalDetails] WARN  o.e.m.c.i.embedder.EclipseLogger - Using platform encoding (UTF-8 actually) to copy filtered resources, i.e. build is platform dependent!
2023-04-12 20:33:12,012 [Worker-35: Launching PrincipalDetails] INFO  o.e.m.c.i.embedder.EclipseLogger - skip non existing resourceDirectory /Users/idongbin/Desktop/java/ldb/ldb/workspace/2023-0407-javaStudy/src/test/resources
2023-04-12 20:33:16,350 [Worker-38: Launching PrincipalDetails] WARN  o.e.m.c.i.embedder.EclipseLogger - Using platform encoding (UTF-8 actually) to copy filtered resources, i.e. build is platform dependent!
2023-04-12 20:33:16,356 [Worker-38: Launching PrincipalDetails] INFO  o.e.m.c.i.embedder.EclipseLogger - Copying 0 resource
2023-04-12 20:33:16,362 [Worker-38: Launching PrincipalDetails] WARN  o.e.m.c.i.embedder.EclipseLogger - Using platform encoding (UTF-8 actually) to copy filtered resources, i.e. build is platform dependent!
2023-04-12 20:33:16,363 [Worker-38: Launching PrincipalDetails] INFO  o.e.m.c.i.embedder.EclipseLogger - skip non existing resourceDirectory /Users/idongbin/Desktop/java/ldb/ldb/workspace/2023-0407-javaStudy/src/test/resources
2023-04-12 20:36:09,835 [Worker-27: Launching PrincipalDetails] WARN  o.e.m.c.i.embedder.EclipseLogger - Using platform encoding (UTF-8 actually) to copy filtered resources, i.e. build is platform dependent!
2023-04-12 20:36:09,851 [Worker-27: Launching PrincipalDetails] INFO  o.e.m.c.i.embedder.EclipseLogger - Copying 0 resource
2023-04-12 20:36:09,855 [Worker-27: Launching PrincipalDetails] WARN  o.e.m.c.i.embedder.EclipseLogger - Using platform encoding (UTF-8 actually) to copy filtered resources, i.e. build is platform dependent!
2023-04-12 20:36:09,855 [Worker-27: Launching PrincipalDetails] INFO  o.e.m.c.i.embedder.EclipseLogger - skip non existing resourceDirectory /Users/idongbin/Desktop/java/ldb/ldb/workspace/2023-0407-javaStudy/src/test/resources
2023-04-12 20:37:40,943 [Worker-35: Building] WARN  o.e.m.c.i.embedder.EclipseLogger - Using platform encoding (UTF-8 actually) to copy filtered resources, i.e. build is platform dependent!
2023-04-12 20:37:40,952 [Worker-35: Building] INFO  o.e.m.c.i.embedder.EclipseLogger - Copying 0 resource
2023-04-12 20:37:40,954 [Worker-35: Building] WARN  o.e.m.c.i.embedder.EclipseLogger - Using platform encoding (UTF-8 actually) to copy filtered resources, i.e. build is platform dependent!
2023-04-12 20:37:40,954 [Worker-35: Building] INFO  o.e.m.c.i.embedder.EclipseLogger - skip non existing resourceDirectory /Users/idongbin/Desktop/java/ldb/ldb/workspace/2023-0407-javaStudy/src/test/resources
2023-04-12 20:39:07,921 [Worker-41: Building] WARN  o.e.m.c.i.embedder.EclipseLogger - Using platform encoding (UTF-8 actually) to copy filtered resources, i.e. build is platform dependent!
2023-04-12 20:39:07,936 [Worker-41: Building] INFO  o.e.m.c.i.embedder.EclipseLogger - Copying 0 resource
2023-04-12 20:39:07,938 [Worker-41: Building] WARN  o.e.m.c.i.embedder.EclipseLogger - Using platform encoding (UTF-8 actually) to copy filtered resources, i.e. build is platform dependent!
2023-04-12 20:39:07,939 [Worker-41: Building] INFO  o.e.m.c.i.embedder.EclipseLogger - skip non existing resourceDirectory /Users/idongbin/Desktop/java/ldb/ldb/workspace/2023-0407-javaStudy/src/test/resources
2023-04-12 20:39:29,170 [Worker-35: Building] WARN  o.e.m.c.i.embedder.EclipseLogger - Using platform encoding (UTF-8 actually) to copy filtered resources, i.e. build is platform dependent!
2023-04-12 20:39:29,181 [Worker-35: Building] INFO  o.e.m.c.i.embedder.EclipseLogger - Copying 0 resource
2023-04-12 20:39:29,184 [Worker-35: Building] WARN  o.e.m.c.i.embedder.EclipseLogger - Using platform encoding (UTF-8 actually) to copy filtered resources, i.e. build is platform dependent!
2023-04-12 20:39:29,184 [Worker-35: Building] INFO  o.e.m.c.i.embedder.EclipseLogger - skip non existing resourceDirectory /Users/idongbin/Desktop/java/ldb/ldb/workspace/2023-0407-javaStudy/src/test/resources
2023-04-12 20:40:43,713 [Worker-43: Building] WARN  o.e.m.c.i.embedder.EclipseLogger - Using platform encoding (UTF-8 actually) to copy filtered resources, i.e. build is platform dependent!
2023-04-12 20:40:43,717 [Worker-43: Building] INFO  o.e.m.c.i.embedder.EclipseLogger - Copying 0 resource
2023-04-12 20:40:43,721 [Worker-43: Building] WARN  o.e.m.c.i.embedder.EclipseLogger - Using platform encoding (UTF-8 actually) to copy filtered resources, i.e. build is platform dependent!
2023-04-12 20:40:43,722 [Worker-43: Building] INFO  o.e.m.c.i.embedder.EclipseLogger - skip non existing resourceDirectory /Users/idongbin/Desktop/java/ldb/ldb/workspace/2023-0407-javaStudy/src/test/resources
2023-04-12 20:42:10,763 [Worker-35: Building] WARN  o.e.m.c.i.embedder.EclipseLogger - Using platform encoding (UTF-8 actually) to copy filtered resources, i.e. build is platform dependent!
2023-04-12 20:42:10,772 [Worker-35: Building] INFO  o.e.m.c.i.embedder.EclipseLogger - Copying 0 resource
2023-04-12 20:42:10,775 [Worker-35: Building] WARN  o.e.m.c.i.embedder.EclipseLogger - Using platform encoding (UTF-8 actually) to copy filtered resources, i.e. build is platform dependent!
2023-04-12 20:42:10,775 [Worker-35: Building] INFO  o.e.m.c.i.embedder.EclipseLogger - skip non existing resourceDirectory /Users/idongbin/Desktop/java/ldb/ldb/workspace/2023-0407-javaStudy/src/test/resources
2023-04-12 20:46:45,328 [Worker-42: Building] WARN  o.e.m.c.i.embedder.EclipseLogger - Using platform encoding (UTF-8 actually) to copy filtered resources, i.e. build is platform dependent!
2023-04-12 20:46:45,341 [Worker-42: Building] INFO  o.e.m.c.i.embedder.EclipseLogger - Copying 0 resource
2023-04-12 20:46:45,344 [Worker-42: Building] WARN  o.e.m.c.i.embedder.EclipseLogger - Using platform encoding (UTF-8 actually) to copy filtered resources, i.e. build is platform dependent!
2023-04-12 20:46:45,344 [Worker-42: Building] INFO  o.e.m.c.i.embedder.EclipseLogger - skip non existing resourceDirectory /Users/idongbin/Desktop/java/ldb/ldb/workspace/2023-0407-javaStudy/src/test/resources
2023-04-12 20:46:56,211 [Worker-47: Building] WARN  o.e.m.c.i.embedder.EclipseLogger - Using platform encoding (UTF-8 actually) to copy filtered resources, i.e. build is platform dependent!
2023-04-12 20:46:56,217 [Worker-47: Building] INFO  o.e.m.c.i.embedder.EclipseLogger - Copying 0 resource
2023-04-12 20:46:56,220 [Worker-47: Building] WARN  o.e.m.c.i.embedder.EclipseLogger - Using platform encoding (UTF-8 actually) to copy filtered resources, i.e. build is platform dependent!
2023-04-12 20:46:56,220 [Worker-47: Building] INFO  o.e.m.c.i.embedder.EclipseLogger - skip non existing resourceDirectory /Users/idongbin/Desktop/java/ldb/ldb/workspace/2023-0407-javaStudy/src/test/resources
2023-04-12 20:49:13,211 [Worker-49: Building] WARN  o.e.m.c.i.embedder.EclipseLogger - Using platform encoding (UTF-8 actually) to copy filtered resources, i.e. build is platform dependent!
2023-04-12 20:49:13,225 [Worker-49: Building] INFO  o.e.m.c.i.embedder.EclipseLogger - Copying 0 resource
2023-04-12 20:49:13,227 [Worker-49: Building] WARN  o.e.m.c.i.embedder.EclipseLogger - Using platform encoding (UTF-8 actually) to copy filtered resources, i.e. build is platform dependent!
2023-04-12 20:49:13,228 [Worker-49: Building] INFO  o.e.m.c.i.embedder.EclipseLogger - skip non existing resourceDirectory /Users/idongbin/Desktop/java/ldb/ldb/workspace/2023-0407-javaStudy/src/test/resources
2023-04-12 20:50:42,460 [Worker-50: Building] WARN  o.e.m.c.i.embedder.EclipseLogger - Using platform encoding (UTF-8 actually) to copy filtered resources, i.e. build is platform dependent!
2023-04-12 20:50:42,469 [Worker-50: Building] INFO  o.e.m.c.i.embedder.EclipseLogger - Copying 0 resource
2023-04-12 20:50:42,471 [Worker-50: Building] WARN  o.e.m.c.i.embedder.EclipseLogger - Using platform encoding (UTF-8 actually) to copy filtered resources, i.e. build is platform dependent!
2023-04-12 20:50:42,471 [Worker-50: Building] INFO  o.e.m.c.i.embedder.EclipseLogger - skip non existing resourceDirectory /Users/idongbin/Desktop/java/ldb/ldb/workspace/2023-0407-javaStudy/src/test/resources
2023-04-12 20:51:26,403 [Worker-50: Building] WARN  o.e.m.c.i.embedder.EclipseLogger - Using platform encoding (UTF-8 actually) to copy filtered resources, i.e. build is platform dependent!
2023-04-12 20:51:26,416 [Worker-50: Building] INFO  o.e.m.c.i.embedder.EclipseLogger - Copying 0 resource
2023-04-12 20:51:26,423 [Worker-50: Building] WARN  o.e.m.c.i.embedder.EclipseLogger - Using platform encoding (UTF-8 actually) to copy filtered resources, i.e. build is platform dependent!
2023-04-12 20:51:26,423 [Worker-50: Building] INFO  o.e.m.c.i.embedder.EclipseLogger - skip non existing resourceDirectory /Users/idongbin/Desktop/java/ldb/ldb/workspace/2023-0407-javaStudy/src/test/resources
2023-04-12 21:16:56,406 [Worker-58: Building] WARN  o.e.m.c.i.embedder.EclipseLogger - Using platform encoding (UTF-8 actually) to copy filtered resources, i.e. build is platform dependent!
2023-04-12 21:16:56,421 [Worker-58: Building] INFO  o.e.m.c.i.embedder.EclipseLogger - Copying 0 resource
2023-04-12 21:16:56,424 [Worker-58: Building] WARN  o.e.m.c.i.embedder.EclipseLogger - Using platform encoding (UTF-8 actually) to copy filtered resources, i.e. build is platform dependent!
2023-04-12 21:16:56,424 [Worker-58: Building] INFO  o.e.m.c.i.embedder.EclipseLogger - skip non existing resourceDirectory /Users/idongbin/Desktop/java/ldb/ldb/workspace/2023-0407-javaStudy/src/test/resources
2023-04-12 21:19:26,277 [Worker-55: Building] WARN  o.e.m.c.i.embedder.EclipseLogger - Using platform encoding (UTF-8 actually) to copy filtered resources, i.e. build is platform dependent!
2023-04-12 21:19:26,289 [Worker-55: Building] INFO  o.e.m.c.i.embedder.EclipseLogger - Copying 0 resource
2023-04-12 21:19:26,291 [Worker-55: Building] WARN  o.e.m.c.i.embedder.EclipseLogger - Using platform encoding (UTF-8 actually) to copy filtered resources, i.e. build is platform dependent!
2023-04-12 21:19:26,292 [Worker-55: Building] INFO  o.e.m.c.i.embedder.EclipseLogger - skip non existing resourceDirectory /Users/idongbin/Desktop/java/ldb/ldb/workspace/2023-0407-javaStudy/src/test/resources
2023-04-12 21:22:32,929 [Worker-60: Building] WARN  o.e.m.c.i.embedder.EclipseLogger - Using platform encoding (UTF-8 actually) to copy filtered resources, i.e. build is platform dependent!
2023-04-12 21:22:32,939 [Worker-60: Building] INFO  o.e.m.c.i.embedder.EclipseLogger - Copying 0 resource
2023-04-12 21:22:32,942 [Worker-60: Building] WARN  o.e.m.c.i.embedder.EclipseLogger - Using platform encoding (UTF-8 actually) to copy filtered resources, i.e. build is platform dependent!
2023-04-12 21:22:32,943 [Worker-60: Building] INFO  o.e.m.c.i.embedder.EclipseLogger - skip non existing resourceDirectory /Users/idongbin/Desktop/java/ldb/ldb/workspace/2023-0407-javaStudy/src/test/resources
2023-04-12 21:37:33,804 [Worker-63: Building] WARN  o.e.m.c.i.embedder.EclipseLogger - Using platform encoding (UTF-8 actually) to copy filtered resources, i.e. build is platform dependent!
2023-04-12 21:37:33,810 [Worker-63: Building] INFO  o.e.m.c.i.embedder.EclipseLogger - Copying 0 resource
2023-04-12 21:37:33,813 [Worker-63: Building] WARN  o.e.m.c.i.embedder.EclipseLogger - Using platform encoding (UTF-8 actually) to copy filtered resources, i.e. build is platform dependent!
2023-04-12 21:37:33,813 [Worker-63: Building] INFO  o.e.m.c.i.embedder.EclipseLogger - skip non existing resourceDirectory /Users/idongbin/Desktop/java/ldb/ldb/workspace/2023-0407-javaStudy/src/test/resources
2023-04-12 21:38:29,304 [Worker-66: Building] WARN  o.e.m.c.i.embedder.EclipseLogger - Using platform encoding (UTF-8 actually) to copy filtered resources, i.e. build is platform dependent!
2023-04-12 21:38:29,314 [Worker-66: Building] INFO  o.e.m.c.i.embedder.EclipseLogger - Copying 0 resource
2023-04-12 21:38:29,316 [Worker-66: Building] WARN  o.e.m.c.i.embedder.EclipseLogger - Using platform encoding (UTF-8 actually) to copy filtered resources, i.e. build is platform dependent!
2023-04-12 21:38:29,317 [Worker-66: Building] INFO  o.e.m.c.i.embedder.EclipseLogger - skip non existing resourceDirectory /Users/idongbin/Desktop/java/ldb/ldb/workspace/2023-0407-javaStudy/src/test/resources
2023-04-12 21:40:26,249 [Worker-65: Launching Main (3)] WARN  o.e.m.c.i.embedder.EclipseLogger - Using platform encoding (UTF-8 actually) to copy filtered resources, i.e. build is platform dependent!
2023-04-12 21:40:26,258 [Worker-65: Launching Main (3)] INFO  o.e.m.c.i.embedder.EclipseLogger - Copying 0 resource
2023-04-12 21:40:26,260 [Worker-65: Launching Main (3)] WARN  o.e.m.c.i.embedder.EclipseLogger - Using platform encoding (UTF-8 actually) to copy filtered resources, i.e. build is platform dependent!
2023-04-12 21:40:26,261 [Worker-65: Launching Main (3)] INFO  o.e.m.c.i.embedder.EclipseLogger - skip non existing resourceDirectory /Users/idongbin/Desktop/java/ldb/ldb/workspace/2023-0407-javaStudy/src/test/resources
2023-04-12 21:43:48,936 [Worker-66: Launching Main (3)] WARN  o.e.m.c.i.embedder.EclipseLogger - Using platform encoding (UTF-8 actually) to copy filtered resources, i.e. build is platform dependent!
2023-04-12 21:43:48,949 [Worker-66: Launching Main (3)] INFO  o.e.m.c.i.embedder.EclipseLogger - Copying 0 resource
2023-04-12 21:43:48,954 [Worker-66: Launching Main (3)] WARN  o.e.m.c.i.embedder.EclipseLogger - Using platform encoding (UTF-8 actually) to copy filtered resources, i.e. build is platform dependent!
2023-04-12 21:43:48,954 [Worker-66: Launching Main (3)] INFO  o.e.m.c.i.embedder.EclipseLogger - skip non existing resourceDirectory /Users/idongbin/Desktop/java/ldb/ldb/workspace/2023-0407-javaStudy/src/test/resources
2023-04-12 21:47:36,631 [Worker-73: Launching Main (3)] WARN  o.e.m.c.i.embedder.EclipseLogger - Using platform encoding (UTF-8 actually) to copy filtered resources, i.e. build is platform dependent!
2023-04-12 21:47:36,641 [Worker-73: Launching Main (3)] INFO  o.e.m.c.i.embedder.EclipseLogger - Copying 0 resource
2023-04-12 21:47:36,646 [Worker-73: Launching Main (3)] WARN  o.e.m.c.i.embedder.EclipseLogger - Using platform encoding (UTF-8 actually) to copy filtered resources, i.e. build is platform dependent!
2023-04-12 21:47:36,646 [Worker-73: Launching Main (3)] INFO  o.e.m.c.i.embedder.EclipseLogger - skip non existing resourceDirectory /Users/idongbin/Desktop/java/ldb/ldb/workspace/2023-0407-javaStudy/src/test/resources
2023-04-12 21:48:51,971 [Worker-75: Building] WARN  o.e.m.c.i.embedder.EclipseLogger - Using platform encoding (UTF-8 actually) to copy filtered resources, i.e. build is platform dependent!
2023-04-12 21:48:51,976 [Worker-75: Building] INFO  o.e.m.c.i.embedder.EclipseLogger - Copying 0 resource
2023-04-12 21:48:51,979 [Worker-75: Building] WARN  o.e.m.c.i.embedder.EclipseLogger - Using platform encoding (UTF-8 actually) to copy filtered resources, i.e. build is platform dependent!
2023-04-12 21:48:51,980 [Worker-75: Building] INFO  o.e.m.c.i.embedder.EclipseLogger - skip non existing resourceDirectory /Users/idongbin/Desktop/java/ldb/ldb/workspace/2023-0407-javaStudy/src/test/resources
2023-04-12 21:49:42,876 [Worker-70: Building] WARN  o.e.m.c.i.embedder.EclipseLogger - Using platform encoding (UTF-8 actually) to copy filtered resources, i.e. build is platform dependent!
2023-04-12 21:49:42,880 [Worker-70: Building] INFO  o.e.m.c.i.embedder.EclipseLogger - Copying 0 resource
2023-04-12 21:49:42,882 [Worker-70: Building] WARN  o.e.m.c.i.embedder.EclipseLogger - Using platform encoding (UTF-8 actually) to copy filtered resources, i.e. build is platform dependent!
2023-04-12 21:49:42,883 [Worker-70: Building] INFO  o.e.m.c.i.embedder.EclipseLogger - skip non existing resourceDirectory /Users/idongbin/Desktop/java/ldb/ldb/workspace/2023-0407-javaStudy/src/test/resources
2023-04-13 19:15:47,891 [Worker-78: Building] WARN  o.e.m.c.i.embedder.EclipseLogger - Using platform encoding (UTF-8 actually) to copy filtered resources, i.e. build is platform dependent!
2023-04-13 19:15:47,908 [Worker-78: Building] INFO  o.e.m.c.i.embedder.EclipseLogger - Copying 0 resource
2023-04-13 19:15:47,911 [Worker-78: Building] WARN  o.e.m.c.i.embedder.EclipseLogger - Using platform encoding (UTF-8 actually) to copy filtered resources, i.e. build is platform dependent!
2023-04-13 19:15:47,911 [Worker-78: Building] INFO  o.e.m.c.i.embedder.EclipseLogger - skip non existing resourceDirectory /Users/idongbin/Desktop/java/ldb/ldb/workspace/2023-0407-javaStudy/src/test/resources
2023-04-13 19:15:54,045 [Worker-71: Building] WARN  o.e.m.c.i.embedder.EclipseLogger - Using platform encoding (UTF-8 actually) to copy filtered resources, i.e. build is platform dependent!
2023-04-13 19:15:54,051 [Worker-71: Building] INFO  o.e.m.c.i.embedder.EclipseLogger - Copying 0 resource
2023-04-13 19:15:54,055 [Worker-71: Building] WARN  o.e.m.c.i.embedder.EclipseLogger - Using platform encoding (UTF-8 actually) to copy filtered resources, i.e. build is platform dependent!
2023-04-13 19:15:54,055 [Worker-71: Building] INFO  o.e.m.c.i.embedder.EclipseLogger - skip non existing resourceDirectory /Users/idongbin/Desktop/java/ldb/ldb/workspace/2023-0407-javaStudy/src/test/resources
2023-04-13 19:19:35,167 [Worker-72: Building] WARN  o.e.m.c.i.embedder.EclipseLogger - Using platform encoding (UTF-8 actually) to copy filtered resources, i.e. build is platform dependent!
2023-04-13 19:19:35,173 [Worker-72: Building] INFO  o.e.m.c.i.embedder.EclipseLogger - Copying 0 resource
2023-04-13 19:19:35,176 [Worker-72: Building] WARN  o.e.m.c.i.embedder.EclipseLogger - Using platform encoding (UTF-8 actually) to copy filtered resources, i.e. build is platform dependent!
2023-04-13 19:19:35,176 [Worker-72: Building] INFO  o.e.m.c.i.embedder.EclipseLogger - skip non existing resourceDirectory /Users/idongbin/Desktop/java/ldb/ldb/workspace/2023-0407-javaStudy/src/test/resources
2023-04-13 19:19:49,622 [Worker-83: Building] WARN  o.e.m.c.i.embedder.EclipseLogger - Using platform encoding (UTF-8 actually) to copy filtered resources, i.e. build is platform dependent!
2023-04-13 19:19:49,627 [Worker-83: Building] INFO  o.e.m.c.i.embedder.EclipseLogger - Copying 0 resource
2023-04-13 19:19:49,629 [Worker-83: Building] WARN  o.e.m.c.i.embedder.EclipseLogger - Using platform encoding (UTF-8 actually) to copy filtered resources, i.e. build is platform dependent!
2023-04-13 19:19:49,629 [Worker-83: Building] INFO  o.e.m.c.i.embedder.EclipseLogger - skip non existing resourceDirectory /Users/idongbin/Desktop/java/ldb/ldb/workspace/2023-0407-javaStudy/src/test/resources
2023-04-13 19:21:57,433 [Worker-82: Building] WARN  o.e.m.c.i.embedder.EclipseLogger - Using platform encoding (UTF-8 actually) to copy filtered resources, i.e. build is platform dependent!
2023-04-13 19:21:57,443 [Worker-82: Building] INFO  o.e.m.c.i.embedder.EclipseLogger - Copying 0 resource
2023-04-13 19:21:57,445 [Worker-82: Building] WARN  o.e.m.c.i.embedder.EclipseLogger - Using platform encoding (UTF-8 actually) to copy filtered resources, i.e. build is platform dependent!
2023-04-13 19:21:57,445 [Worker-82: Building] INFO  o.e.m.c.i.embedder.EclipseLogger - skip non existing resourceDirectory /Users/idongbin/Desktop/java/ldb/ldb/workspace/2023-0407-javaStudy/src/test/resources
2023-04-13 19:26:02,006 [Worker-83: Building] WARN  o.e.m.c.i.embedder.EclipseLogger - Using platform encoding (UTF-8 actually) to copy filtered resources, i.e. build is platform dependent!
2023-04-13 19:26:02,015 [Worker-83: Building] INFO  o.e.m.c.i.embedder.EclipseLogger - Copying 0 resource
2023-04-13 19:26:02,019 [Worker-83: Building] WARN  o.e.m.c.i.embedder.EclipseLogger - Using platform encoding (UTF-8 actually) to copy filtered resources, i.e. build is platform dependent!
2023-04-13 19:26:02,019 [Worker-83: Building] INFO  o.e.m.c.i.embedder.EclipseLogger - skip non existing resourceDirectory /Users/idongbin/Desktop/java/ldb/ldb/workspace/2023-0407-javaStudy/src/test/resources
2023-04-13 19:26:58,437 [Worker-72: Building] WARN  o.e.m.c.i.embedder.EclipseLogger - Using platform encoding (UTF-8 actually) to copy filtered resources, i.e. build is platform dependent!
2023-04-13 19:26:58,448 [Worker-72: Building] INFO  o.e.m.c.i.embedder.EclipseLogger - Copying 0 resource
2023-04-13 19:26:58,450 [Worker-72: Building] WARN  o.e.m.c.i.embedder.EclipseLogger - Using platform encoding (UTF-8 actually) to copy filtered resources, i.e. build is platform dependent!
2023-04-13 19:26:58,450 [Worker-72: Building] INFO  o.e.m.c.i.embedder.EclipseLogger - skip non existing resourceDirectory /Users/idongbin/Desktop/java/ldb/ldb/workspace/2023-0407-javaStudy/src/test/resources
2023-04-13 19:29:13,127 [Worker-72: Building] WARN  o.e.m.c.i.embedder.EclipseLogger - Using platform encoding (UTF-8 actually) to copy filtered resources, i.e. build is platform dependent!
2023-04-13 19:29:13,137 [Worker-72: Building] INFO  o.e.m.c.i.embedder.EclipseLogger - Copying 0 resource
2023-04-13 19:29:13,144 [Worker-72: Building] WARN  o.e.m.c.i.embedder.EclipseLogger - Using platform encoding (UTF-8 actually) to copy filtered resources, i.e. build is platform dependent!
2023-04-13 19:29:13,145 [Worker-72: Building] INFO  o.e.m.c.i.embedder.EclipseLogger - skip non existing resourceDirectory /Users/idongbin/Desktop/java/ldb/ldb/workspace/2023-0407-javaStudy/src/test/resources
2023-04-13 19:30:32,355 [Worker-82: Launching StrTestMain] WARN  o.e.m.c.i.embedder.EclipseLogger - Using platform encoding (UTF-8 actually) to copy filtered resources, i.e. build is platform dependent!
2023-04-13 19:30:32,360 [Worker-82: Launching StrTestMain] INFO  o.e.m.c.i.embedder.EclipseLogger - Copying 0 resource
2023-04-13 19:30:32,363 [Worker-82: Launching StrTestMain] WARN  o.e.m.c.i.embedder.EclipseLogger - Using platform encoding (UTF-8 actually) to copy filtered resources, i.e. build is platform dependent!
2023-04-13 19:30:32,363 [Worker-82: Launching StrTestMain] INFO  o.e.m.c.i.embedder.EclipseLogger - skip non existing resourceDirectory /Users/idongbin/Desktop/java/ldb/ldb/workspace/2023-0407-javaStudy/src/test/resources
2023-04-13 19:31:07,588 [Worker-82: Building] WARN  o.e.m.c.i.embedder.EclipseLogger - Using platform encoding (UTF-8 actually) to copy filtered resources, i.e. build is platform dependent!
2023-04-13 19:31:07,595 [Worker-82: Building] INFO  o.e.m.c.i.embedder.EclipseLogger - Copying 0 resource
2023-04-13 19:31:07,597 [Worker-82: Building] WARN  o.e.m.c.i.embedder.EclipseLogger - Using platform encoding (UTF-8 actually) to copy filtered resources, i.e. build is platform dependent!
2023-04-13 19:31:07,597 [Worker-82: Building] INFO  o.e.m.c.i.embedder.EclipseLogger - skip non existing resourceDirectory /Users/idongbin/Desktop/java/ldb/ldb/workspace/2023-0407-javaStudy/src/test/resources
2023-04-13 19:49:46,920 [Worker-82: Building] WARN  o.e.m.c.i.embedder.EclipseLogger - Using platform encoding (UTF-8 actually) to copy filtered resources, i.e. build is platform dependent!
2023-04-13 19:49:46,939 [Worker-82: Building] INFO  o.e.m.c.i.embedder.EclipseLogger - Copying 0 resource
2023-04-13 19:49:46,942 [Worker-82: Building] WARN  o.e.m.c.i.embedder.EclipseLogger - Using platform encoding (UTF-8 actually) to copy filtered resources, i.e. build is platform dependent!
2023-04-13 19:49:46,942 [Worker-82: Building] INFO  o.e.m.c.i.embedder.EclipseLogger - skip non existing resourceDirectory /Users/idongbin/Desktop/java/ldb/ldb/workspace/2023-0407-javaStudy/src/test/resources
2023-04-13 20:02:04,959 [Worker-90: Building] WARN  o.e.m.c.i.embedder.EclipseLogger - Using platform encoding (UTF-8 actually) to copy filtered resources, i.e. build is platform dependent!
2023-04-13 20:02:04,984 [Worker-90: Building] INFO  o.e.m.c.i.embedder.EclipseLogger - Copying 0 resource
2023-04-13 20:02:05,010 [Worker-90: Building] WARN  o.e.m.c.i.embedder.EclipseLogger - Using platform encoding (UTF-8 actually) to copy filtered resources, i.e. build is platform dependent!
2023-04-13 20:02:05,011 [Worker-90: Building] INFO  o.e.m.c.i.embedder.EclipseLogger - skip non existing resourceDirectory /Users/idongbin/Desktop/java/ldb/ldb/workspace/2023-0407-javaStudy/src/test/resources
2023-04-13 20:21:04,172 [Worker-92: Building] WARN  o.e.m.c.i.embedder.EclipseLogger - Using platform encoding (UTF-8 actually) to copy filtered resources, i.e. build is platform dependent!
2023-04-13 20:21:04,183 [Worker-92: Building] INFO  o.e.m.c.i.embedder.EclipseLogger - Copying 0 resource
2023-04-13 20:21:04,185 [Worker-92: Building] WARN  o.e.m.c.i.embedder.EclipseLogger - Using platform encoding (UTF-8 actually) to copy filtered resources, i.e. build is platform dependent!
2023-04-13 20:21:04,186 [Worker-92: Building] INFO  o.e.m.c.i.embedder.EclipseLogger - skip non existing resourceDirectory /Users/idongbin/Desktop/java/ldb/ldb/workspace/2023-0407-javaStudy/src/test/resources
2023-04-13 20:23:04,056 [Worker-92: Launching CollectionForEach] WARN  o.e.m.c.i.embedder.EclipseLogger - Using platform encoding (UTF-8 actually) to copy filtered resources, i.e. build is platform dependent!
2023-04-13 20:23:04,072 [Worker-92: Launching CollectionForEach] INFO  o.e.m.c.i.embedder.EclipseLogger - Copying 0 resource
2023-04-13 20:23:04,074 [Worker-92: Launching CollectionForEach] WARN  o.e.m.c.i.embedder.EclipseLogger - Using platform encoding (UTF-8 actually) to copy filtered resources, i.e. build is platform dependent!
2023-04-13 20:23:04,074 [Worker-92: Launching CollectionForEach] INFO  o.e.m.c.i.embedder.EclipseLogger - skip non existing resourceDirectory /Users/idongbin/Desktop/java/ldb/ldb/workspace/2023-0407-javaStudy/src/test/resources
2023-04-13 20:24:17,875 [Worker-94: Launching CollectionForEach] WARN  o.e.m.c.i.embedder.EclipseLogger - Using platform encoding (UTF-8 actually) to copy filtered resources, i.e. build is platform dependent!
2023-04-13 20:24:17,887 [Worker-94: Launching CollectionForEach] INFO  o.e.m.c.i.embedder.EclipseLogger - Copying 0 resource
2023-04-13 20:24:17,889 [Worker-94: Launching CollectionForEach] WARN  o.e.m.c.i.embedder.EclipseLogger - Using platform encoding (UTF-8 actually) to copy filtered resources, i.e. build is platform dependent!
2023-04-13 20:24:17,890 [Worker-94: Launching CollectionForEach] INFO  o.e.m.c.i.embedder.EclipseLogger - skip non existing resourceDirectory /Users/idongbin/Desktop/java/ldb/ldb/workspace/2023-0407-javaStudy/src/test/resources
2023-04-13 20:26:53,136 [Worker-99: Launching CollectionForEach] WARN  o.e.m.c.i.embedder.EclipseLogger - Using platform encoding (UTF-8 actually) to copy filtered resources, i.e. build is platform dependent!
2023-04-13 20:26:53,144 [Worker-99: Launching CollectionForEach] INFO  o.e.m.c.i.embedder.EclipseLogger - Copying 0 resource
2023-04-13 20:26:53,149 [Worker-99: Launching CollectionForEach] WARN  o.e.m.c.i.embedder.EclipseLogger - Using platform encoding (UTF-8 actually) to copy filtered resources, i.e. build is platform dependent!
2023-04-13 20:26:53,151 [Worker-99: Launching CollectionForEach] INFO  o.e.m.c.i.embedder.EclipseLogger - skip non existing resourceDirectory /Users/idongbin/Desktop/java/ldb/ldb/workspace/2023-0407-javaStudy/src/test/resources
2023-04-13 20:29:51,875 [Worker-103: Launching CollectionForEach] WARN  o.e.m.c.i.embedder.EclipseLogger - Using platform encoding (UTF-8 actually) to copy filtered resources, i.e. build is platform dependent!
2023-04-13 20:29:51,890 [Worker-103: Launching CollectionForEach] INFO  o.e.m.c.i.embedder.EclipseLogger - Copying 0 resource
2023-04-13 20:29:51,895 [Worker-103: Launching CollectionForEach] WARN  o.e.m.c.i.embedder.EclipseLogger - Using platform encoding (UTF-8 actually) to copy filtered resources, i.e. build is platform dependent!
2023-04-13 20:29:51,898 [Worker-103: Launching CollectionForEach] INFO  o.e.m.c.i.embedder.EclipseLogger - skip non existing resourceDirectory /Users/idongbin/Desktop/java/ldb/ldb/workspace/2023-0407-javaStudy/src/test/resources
2023-04-13 20:41:12,165 [Worker-108: Launching CollectionForEach] WARN  o.e.m.c.i.embedder.EclipseLogger - Using platform encoding (UTF-8 actually) to copy filtered resources, i.e. build is platform dependent!
2023-04-13 20:41:12,182 [Worker-108: Launching CollectionForEach] INFO  o.e.m.c.i.embedder.EclipseLogger - Copying 0 resource
2023-04-13 20:41:12,184 [Worker-108: Launching CollectionForEach] WARN  o.e.m.c.i.embedder.EclipseLogger - Using platform encoding (UTF-8 actually) to copy filtered resources, i.e. build is platform dependent!
2023-04-13 20:41:12,185 [Worker-108: Launching CollectionForEach] INFO  o.e.m.c.i.embedder.EclipseLogger - skip non existing resourceDirectory /Users/idongbin/Desktop/java/ldb/ldb/workspace/2023-0407-javaStudy/src/test/resources
2023-04-13 20:42:22,545 [Worker-107: Building] WARN  o.e.m.c.i.embedder.EclipseLogger - Using platform encoding (UTF-8 actually) to copy filtered resources, i.e. build is platform dependent!
2023-04-13 20:42:22,550 [Worker-107: Building] INFO  o.e.m.c.i.embedder.EclipseLogger - Copying 0 resource
2023-04-13 20:42:22,553 [Worker-107: Building] WARN  o.e.m.c.i.embedder.EclipseLogger - Using platform encoding (UTF-8 actually) to copy filtered resources, i.e. build is platform dependent!
2023-04-13 20:42:22,554 [Worker-107: Building] INFO  o.e.m.c.i.embedder.EclipseLogger - skip non existing resourceDirectory /Users/idongbin/Desktop/java/ldb/ldb/workspace/2023-0407-javaStudy/src/test/resources
2023-04-13 20:43:49,843 [Worker-107: Launching ExceptionTest1] WARN  o.e.m.c.i.embedder.EclipseLogger - Using platform encoding (UTF-8 actually) to copy filtered resources, i.e. build is platform dependent!
2023-04-13 20:43:49,859 [Worker-107: Launching ExceptionTest1] INFO  o.e.m.c.i.embedder.EclipseLogger - Copying 0 resource
2023-04-13 20:43:49,862 [Worker-107: Launching ExceptionTest1] WARN  o.e.m.c.i.embedder.EclipseLogger - Using platform encoding (UTF-8 actually) to copy filtered resources, i.e. build is platform dependent!
2023-04-13 20:43:49,862 [Worker-107: Launching ExceptionTest1] INFO  o.e.m.c.i.embedder.EclipseLogger - skip non existing resourceDirectory /Users/idongbin/Desktop/java/ldb/ldb/workspace/2023-0407-javaStudy/src/test/resources
2023-04-13 20:46:30,286 [Worker-106: Building] WARN  o.e.m.c.i.embedder.EclipseLogger - Using platform encoding (UTF-8 actually) to copy filtered resources, i.e. build is platform dependent!
2023-04-13 20:46:30,292 [Worker-106: Building] INFO  o.e.m.c.i.embedder.EclipseLogger - Copying 0 resource
2023-04-13 20:46:30,294 [Worker-106: Building] WARN  o.e.m.c.i.embedder.EclipseLogger - Using platform encoding (UTF-8 actually) to copy filtered resources, i.e. build is platform dependent!
2023-04-13 20:46:30,295 [Worker-106: Building] INFO  o.e.m.c.i.embedder.EclipseLogger - skip non existing resourceDirectory /Users/idongbin/Desktop/java/ldb/ldb/workspace/2023-0407-javaStudy/src/test/resources
2023-04-13 20:46:39,251 [Worker-112: Launching ExceptionTest1] WARN  o.e.m.c.i.embedder.EclipseLogger - Using platform encoding (UTF-8 actually) to copy filtered resources, i.e. build is platform dependent!
2023-04-13 20:46:39,257 [Worker-112: Launching ExceptionTest1] INFO  o.e.m.c.i.embedder.EclipseLogger - Copying 0 resource
2023-04-13 20:46:39,261 [Worker-112: Launching ExceptionTest1] WARN  o.e.m.c.i.embedder.EclipseLogger - Using platform encoding (UTF-8 actually) to copy filtered resources, i.e. build is platform dependent!
2023-04-13 20:46:39,262 [Worker-112: Launching ExceptionTest1] INFO  o.e.m.c.i.embedder.EclipseLogger - skip non existing resourceDirectory /Users/idongbin/Desktop/java/ldb/ldb/workspace/2023-0407-javaStudy/src/test/resources
2023-04-13 20:47:13,669 [Worker-113: Building] WARN  o.e.m.c.i.embedder.EclipseLogger - Using platform encoding (UTF-8 actually) to copy filtered resources, i.e. build is platform dependent!
2023-04-13 20:47:13,683 [Worker-113: Building] INFO  o.e.m.c.i.embedder.EclipseLogger - Copying 0 resource
2023-04-13 20:47:13,686 [Worker-113: Building] WARN  o.e.m.c.i.embedder.EclipseLogger - Using platform encoding (UTF-8 actually) to copy filtered resources, i.e. build is platform dependent!
2023-04-13 20:47:13,687 [Worker-113: Building] INFO  o.e.m.c.i.embedder.EclipseLogger - skip non existing resourceDirectory /Users/idongbin/Desktop/java/ldb/ldb/workspace/2023-0407-javaStudy/src/test/resources
2023-04-13 20:48:06,839 [Worker-113: Launching ExceptionTest1] WARN  o.e.m.c.i.embedder.EclipseLogger - Using platform encoding (UTF-8 actually) to copy filtered resources, i.e. build is platform dependent!
2023-04-13 20:48:06,851 [Worker-113: Launching ExceptionTest1] INFO  o.e.m.c.i.embedder.EclipseLogger - Copying 0 resource
2023-04-13 20:48:06,853 [Worker-113: Launching ExceptionTest1] WARN  o.e.m.c.i.embedder.EclipseLogger - Using platform encoding (UTF-8 actually) to copy filtered resources, i.e. build is platform dependent!
2023-04-13 20:48:06,853 [Worker-113: Launching ExceptionTest1] INFO  o.e.m.c.i.embedder.EclipseLogger - skip non existing resourceDirectory /Users/idongbin/Desktop/java/ldb/ldb/workspace/2023-0407-javaStudy/src/test/resources
2023-04-13 20:49:15,699 [Worker-115: Launching ExceptionTest1] WARN  o.e.m.c.i.embedder.EclipseLogger - Using platform encoding (UTF-8 actually) to copy filtered resources, i.e. build is platform dependent!
2023-04-13 20:49:15,714 [Worker-115: Launching ExceptionTest1] INFO  o.e.m.c.i.embedder.EclipseLogger - Copying 0 resource
2023-04-13 20:49:15,720 [Worker-115: Launching ExceptionTest1] WARN  o.e.m.c.i.embedder.EclipseLogger - Using platform encoding (UTF-8 actually) to copy filtered resources, i.e. build is platform dependent!
2023-04-13 20:49:15,721 [Worker-115: Launching ExceptionTest1] INFO  o.e.m.c.i.embedder.EclipseLogger - skip non existing resourceDirectory /Users/idongbin/Desktop/java/ldb/ldb/workspace/2023-0407-javaStudy/src/test/resources
2023-04-13 20:49:48,430 [Worker-109: Launching ExceptionTest1] WARN  o.e.m.c.i.embedder.EclipseLogger - Using platform encoding (UTF-8 actually) to copy filtered resources, i.e. build is platform dependent!
2023-04-13 20:49:48,436 [Worker-109: Launching ExceptionTest1] INFO  o.e.m.c.i.embedder.EclipseLogger - Copying 0 resource
2023-04-13 20:49:48,438 [Worker-109: Launching ExceptionTest1] WARN  o.e.m.c.i.embedder.EclipseLogger - Using platform encoding (UTF-8 actually) to copy filtered resources, i.e. build is platform dependent!
2023-04-13 20:49:48,439 [Worker-109: Launching ExceptionTest1] INFO  o.e.m.c.i.embedder.EclipseLogger - skip non existing resourceDirectory /Users/idongbin/Desktop/java/ldb/ldb/workspace/2023-0407-javaStudy/src/test/resources
2023-04-13 20:51:03,827 [Worker-121: Building] WARN  o.e.m.c.i.embedder.EclipseLogger - Using platform encoding (UTF-8 actually) to copy filtered resources, i.e. build is platform dependent!
2023-04-13 20:51:03,842 [Worker-121: Building] INFO  o.e.m.c.i.embedder.EclipseLogger - Copying 0 resource
2023-04-13 20:51:03,846 [Worker-121: Building] WARN  o.e.m.c.i.embedder.EclipseLogger - Using platform encoding (UTF-8 actually) to copy filtered resources, i.e. build is platform dependent!
2023-04-13 20:51:03,847 [Worker-121: Building] INFO  o.e.m.c.i.embedder.EclipseLogger - skip non existing resourceDirectory /Users/idongbin/Desktop/java/ldb/ldb/workspace/2023-0407-javaStudy/src/test/resources
2023-04-13 20:51:25,991 [Worker-112: Launching ExceptionTest2] WARN  o.e.m.c.i.embedder.EclipseLogger - Using platform encoding (UTF-8 actually) to copy filtered resources, i.e. build is platform dependent!
2023-04-13 20:51:26,006 [Worker-112: Launching ExceptionTest2] INFO  o.e.m.c.i.embedder.EclipseLogger - Copying 0 resource
2023-04-13 20:51:26,008 [Worker-112: Launching ExceptionTest2] WARN  o.e.m.c.i.embedder.EclipseLogger - Using platform encoding (UTF-8 actually) to copy filtered resources, i.e. build is platform dependent!
2023-04-13 20:51:26,009 [Worker-112: Launching ExceptionTest2] INFO  o.e.m.c.i.embedder.EclipseLogger - skip non existing resourceDirectory /Users/idongbin/Desktop/java/ldb/ldb/workspace/2023-0407-javaStudy/src/test/resources
2023-04-13 20:52:33,960 [Worker-123: Building] WARN  o.e.m.c.i.embedder.EclipseLogger - Using platform encoding (UTF-8 actually) to copy filtered resources, i.e. build is platform dependent!
2023-04-13 20:52:33,965 [Worker-123: Building] INFO  o.e.m.c.i.embedder.EclipseLogger - Copying 0 resource
2023-04-13 20:52:33,966 [Worker-123: Building] WARN  o.e.m.c.i.embedder.EclipseLogger - Using platform encoding (UTF-8 actually) to copy filtered resources, i.e. build is platform dependent!
2023-04-13 20:52:33,967 [Worker-123: Building] INFO  o.e.m.c.i.embedder.EclipseLogger - skip non existing resourceDirectory /Users/idongbin/Desktop/java/ldb/ldb/workspace/2023-0407-javaStudy/src/test/resources
2023-04-13 20:53:58,353 [Worker-117: Launching ExceptionTestMain] WARN  o.e.m.c.i.embedder.EclipseLogger - Using platform encoding (UTF-8 actually) to copy filtered resources, i.e. build is platform dependent!
2023-04-13 20:53:58,366 [Worker-117: Launching ExceptionTestMain] INFO  o.e.m.c.i.embedder.EclipseLogger - Copying 0 resource
2023-04-13 20:53:58,377 [Worker-117: Launching ExceptionTestMain] WARN  o.e.m.c.i.embedder.EclipseLogger - Using platform encoding (UTF-8 actually) to copy filtered resources, i.e. build is platform dependent!
2023-04-13 20:53:58,378 [Worker-117: Launching ExceptionTestMain] INFO  o.e.m.c.i.embedder.EclipseLogger - skip non existing resourceDirectory /Users/idongbin/Desktop/java/ldb/ldb/workspace/2023-0407-javaStudy/src/test/resources
2023-04-13 20:55:08,553 [Worker-125: Building] WARN  o.e.m.c.i.embedder.EclipseLogger - Using platform encoding (UTF-8 actually) to copy filtered resources, i.e. build is platform dependent!
2023-04-13 20:55:08,569 [Worker-125: Building] INFO  o.e.m.c.i.embedder.EclipseLogger - Copying 0 resource
2023-04-13 20:55:08,573 [Worker-125: Building] WARN  o.e.m.c.i.embedder.EclipseLogger - Using platform encoding (UTF-8 actually) to copy filtered resources, i.e. build is platform dependent!
2023-04-13 20:55:08,573 [Worker-125: Building] INFO  o.e.m.c.i.embedder.EclipseLogger - skip non existing resourceDirectory /Users/idongbin/Desktop/java/ldb/ldb/workspace/2023-0407-javaStudy/src/test/resources
2023-04-13 20:57:40,684 [Worker-125: Building] WARN  o.e.m.c.i.embedder.EclipseLogger - Using platform encoding (UTF-8 actually) to copy filtered resources, i.e. build is platform dependent!
2023-04-13 20:57:40,691 [Worker-125: Building] INFO  o.e.m.c.i.embedder.EclipseLogger - Copying 0 resource
2023-04-13 20:57:40,693 [Worker-125: Building] WARN  o.e.m.c.i.embedder.EclipseLogger - Using platform encoding (UTF-8 actually) to copy filtered resources, i.e. build is platform dependent!
2023-04-13 20:57:40,694 [Worker-125: Building] INFO  o.e.m.c.i.embedder.EclipseLogger - skip non existing resourceDirectory /Users/idongbin/Desktop/java/ldb/ldb/workspace/2023-0407-javaStudy/src/test/resources
2023-04-13 20:58:51,438 [Worker-130: Building] WARN  o.e.m.c.i.embedder.EclipseLogger - Using platform encoding (UTF-8 actually) to copy filtered resources, i.e. build is platform dependent!
2023-04-13 20:58:51,447 [Worker-130: Building] INFO  o.e.m.c.i.embedder.EclipseLogger - Copying 0 resource
2023-04-13 20:58:51,449 [Worker-130: Building] WARN  o.e.m.c.i.embedder.EclipseLogger - Using platform encoding (UTF-8 actually) to copy filtered resources, i.e. build is platform dependent!
2023-04-13 20:58:51,449 [Worker-130: Building] INFO  o.e.m.c.i.embedder.EclipseLogger - skip non existing resourceDirectory /Users/idongbin/Desktop/java/ldb/ldb/workspace/2023-0407-javaStudy/src/test/resources
